01:37:34,366 INFO  [Server] Starting JBoss (MX MicroKernel)...
01:37:34,367 INFO  [Server] Release ID: JBoss [Zion] 4.0.5.GA (build: CVSTag=Branch_4_0 date=200610162339)
01:37:34,367 DEBUG [Server] Using config: org.jboss.system.server.ServerConfigImpl@76343e56
01:37:34,367 DEBUG [Server] Server type: class org.jboss.system.server.ServerImpl
01:37:34,367 DEBUG [Server] Server loaded through: org.jboss.system.server.NoAnnotationURLClassLoader
01:37:34,367 DEBUG [Server] Boot URLs:
01:37:34,367 DEBUG [Server]   file:/Users/pereirajr/Documents/Faculdade/Fernando/jboss/lib/endorsed/serializer.jar
01:37:34,367 DEBUG [Server]   file:/Users/pereirajr/Documents/Faculdade/Fernando/jboss/lib/endorsed/xalan.jar
01:37:34,367 DEBUG [Server]   file:/Users/pereirajr/Documents/Faculdade/Fernando/jboss/lib/endorsed/resolver.jar
01:37:34,367 DEBUG [Server]   file:/Users/pereirajr/Documents/Faculdade/Fernando/jboss/lib/endorsed/xml-apis.jar
01:37:34,367 DEBUG [Server]   file:/Users/pereirajr/Documents/Faculdade/Fernando/jboss/lib/endorsed/xercesImpl.jar
01:37:34,367 DEBUG [Server]   file:/Users/pereirajr/Documents/Faculdade/Fernando/jboss/lib/jboss-jmx.jar
01:37:34,367 DEBUG [Server]   file:/Users/pereirajr/Documents/Faculdade/Fernando/jboss/lib/concurrent.jar
01:37:34,367 DEBUG [Server]   file:/Users/pereirajr/Documents/Faculdade/Fernando/jboss/lib/log4j-boot.jar
01:37:34,367 DEBUG [Server]   file:/Users/pereirajr/Documents/Faculdade/Fernando/jboss/lib/jboss-common.jar
01:37:34,367 DEBUG [Server]   file:/Users/pereirajr/Documents/Faculdade/Fernando/jboss/lib/jboss-system.jar
01:37:34,367 DEBUG [Server]   file:/Users/pereirajr/Documents/Faculdade/Fernando/jboss/lib/jboss-xml-binding.jar
01:37:34,367 DEBUG [Server]   file:/Users/pereirajr/Documents/Faculdade/Fernando/jboss/lib/namespace.jar
01:37:34,368 INFO  [Server] Home Dir: /Users/pereirajr/Documents/Faculdade/Fernando/jboss
01:37:34,368 INFO  [Server] Home URL: file:/Users/pereirajr/Documents/Faculdade/Fernando/jboss/
01:37:34,368 DEBUG [Server] Library URL: file:/Users/pereirajr/Documents/Faculdade/Fernando/jboss/lib/
01:37:34,368 INFO  [Server] Patch URL: null
01:37:34,368 INFO  [Server] Server Name: default
01:37:34,368 INFO  [Server] Server Home Dir: /Users/pereirajr/Documents/Faculdade/Fernando/jboss/server/default
01:37:34,368 INFO  [Server] Server Home URL: file:/Users/pereirajr/Documents/Faculdade/Fernando/jboss/server/default/
01:37:34,369 INFO  [Server] Server Log Dir: /Users/pereirajr/Documents/Faculdade/Fernando/jboss/server/default/log
01:37:34,369 DEBUG [Server] Server Data Dir: /Users/pereirajr/Documents/Faculdade/Fernando/jboss/server/default/data
01:37:34,369 INFO  [Server] Server Temp Dir: /Users/pereirajr/Documents/Faculdade/Fernando/jboss/server/default/tmp
01:37:34,369 DEBUG [Server] Server Config URL: file:/Users/pereirajr/Documents/Faculdade/Fernando/jboss/server/default/conf/
01:37:34,369 DEBUG [Server] Server Library URL: file:/Users/pereirajr/Documents/Faculdade/Fernando/jboss/server/default/lib/
01:37:34,369 INFO  [Server] Root Deployment Filename: jboss-service.xml
01:37:34,370 DEBUG [Server] Starting General Purpose Architecture (GPA)...
01:37:34,656 DEBUG [Server] Created MBeanServer: org.jboss.mx.server.MBeanServerImpl@703ae876[ defaultDomain='jboss' ]
01:37:34,672 DEBUG [Server] Boot url list: [file:/Users/pereirajr/Documents/Faculdade/Fernando/jboss/server/default/conf/]
01:37:34,672 DEBUG [Server] Creating loader for URL: file:/Users/pereirajr/Documents/Faculdade/Fernando/jboss/server/default/conf/
01:37:34,676 DEBUG [RepositoryClassLoader] setRepository, repository=org.jboss.mx.loading.UnifiedLoaderRepository3@6ab6983e, cl=org.jboss.mx.loading.UnifiedClassLoader3@77c4538b{ url=file:/Users/pereirajr/Documents/Faculdade/Fernando/jboss/server/default/conf/ ,addedOrder=0}
01:37:34,676 DEBUG [RepositoryClassLoader] setRepository, repository=org.jboss.mx.loading.UnifiedLoaderRepository3@6ab6983e, cl=org.jboss.mx.loading.UnifiedClassLoader3@77c4538b{ url=file:/Users/pereirajr/Documents/Faculdade/Fernando/jboss/server/default/conf/ ,addedOrder=0}
01:37:34,676 DEBUG [UnifiedLoaderRepository3] Adding org.jboss.mx.loading.UnifiedClassLoader3@77c4538b{ url=file:/Users/pereirajr/Documents/Faculdade/Fernando/jboss/server/default/conf/ ,addedOrder=0}
01:37:34,734 DEBUG [Server] Failed to create xmbean for: org.jboss.system.server.ServerInfo
01:37:34,736 INFO  [ServerInfo] Java version: 1.8.0_172,Oracle Corporation
01:37:34,737 INFO  [ServerInfo] Java VM: Java HotSpot(TM) 64-Bit Server VM 25.172-b11,Oracle Corporation
01:37:34,737 INFO  [ServerInfo] OS-System: Mac OS X 10.14.4,x86_64
01:37:34,737 DEBUG [ServerInfo] Full System Properties Dump
01:37:34,737 DEBUG [ServerInfo]     java.vendor: Oracle Corporation
01:37:34,737 DEBUG [ServerInfo]     sun.java.launcher: SUN_STANDARD
01:37:34,737 DEBUG [ServerInfo]     sun.management.compiler: HotSpot 64-Bit Tiered Compilers
01:37:34,737 DEBUG [ServerInfo]     os.name: Mac OS X
01:37:34,737 DEBUG [ServerInfo]     sun.boot.class.path: /Users/pereirajr/Documents/Faculdade/Fernando/jboss/lib/endorsed/serializer.jar:/Users/pereirajr/Documents/Faculdade/Fernando/jboss/lib/endorsed/xalan.jar:/Users/pereirajr/Documents/Faculdade/Fernando/jboss/lib/endorsed/resolver.jar:/Users/pereirajr/Documents/Faculdade/Fernando/jboss/lib/endorsed/xml-apis.jar:/Users/pereirajr/Documents/Faculdade/Fernando/jboss/lib/endorsed/xercesImpl.jar:/Library/Java/JavaVirtualMachines/jdk1.8.0_172.jdk/Contents/Home/jre/lib/resources.jar:/Library/Java/JavaVirtualMachines/jdk1.8.0_172.jdk/Contents/Home/jre/lib/rt.jar:/Library/Java/JavaVirtualMachines/jdk1.8.0_172.jdk/Contents/Home/jre/lib/sunrsasign.jar:/Library/Java/JavaVirtualMachines/jdk1.8.0_172.jdk/Contents/Home/jre/lib/jsse.jar:/Library/Java/JavaVirtualMachines/jdk1.8.0_172.jdk/Contents/Home/jre/lib/jce.jar:/Library/Java/JavaVirtualMachines/jdk1.8.0_172.jdk/Contents/Home/jre/lib/charsets.jar:/Library/Java/JavaVirtualMachines/jdk1.8.0_172.jdk/Contents/Home/jre/lib/jfr.jar:/Library/Java/JavaVirtualMachines/jdk1.8.0_172.jdk/Contents/Home/jre/classes
01:37:34,737 DEBUG [ServerInfo]     java.vm.specification.vendor: Oracle Corporation
01:37:34,737 DEBUG [ServerInfo]     java.runtime.version: 1.8.0_172-b11
01:37:34,737 DEBUG [ServerInfo]     user.name: pereirajr
01:37:34,737 DEBUG [ServerInfo]     jboss.bind.address: 0.0.0.0
01:37:34,737 DEBUG [ServerInfo]     jboss.home.dir: /Users/pereirajr/Documents/Faculdade/Fernando/jboss
01:37:34,737 DEBUG [ServerInfo]     user.language: en
01:37:34,737 DEBUG [ServerInfo]     sun.boot.library.path: /Library/Java/JavaVirtualMachines/jdk1.8.0_172.jdk/Contents/Home/jre/lib
01:37:34,737 DEBUG [ServerInfo]     jboss.home.url: file:/Users/pereirajr/Documents/Faculdade/Fernando/jboss/
01:37:34,737 DEBUG [ServerInfo]     java.version: 1.8.0_172
01:37:34,737 DEBUG [ServerInfo]     user.timezone: America/Recife
01:37:34,737 DEBUG [ServerInfo]     jboss.server.home.dir: /Users/pereirajr/Documents/Faculdade/Fernando/jboss/server/default
01:37:34,738 DEBUG [ServerInfo]     sun.arch.data.model: 64
01:37:34,738 DEBUG [ServerInfo]     http.nonProxyHosts: local|*.local|169.254/16|*.169.254/16
01:37:34,738 DEBUG [ServerInfo]     java.endorsed.dirs: /Users/pereirajr/Documents/Faculdade/Fernando/jboss/lib/endorsed
01:37:34,738 DEBUG [ServerInfo]     jboss.server.home.url: file:/Users/pereirajr/Documents/Faculdade/Fernando/jboss/server/default/
01:37:34,738 DEBUG [ServerInfo]     sun.cpu.isalist: 
01:37:34,738 DEBUG [ServerInfo]     sun.jnu.encoding: UTF-8
01:37:34,738 DEBUG [ServerInfo]     file.encoding.pkg: sun.io
01:37:34,738 DEBUG [ServerInfo]     file.separator: /
01:37:34,738 DEBUG [ServerInfo]     java.specification.name: Java Platform API Specification
01:37:34,738 DEBUG [ServerInfo]     java.class.version: 52.0
01:37:34,738 DEBUG [ServerInfo]     jboss.server.config.url: file:/Users/pereirajr/Documents/Faculdade/Fernando/jboss/server/default/conf/
01:37:34,738 DEBUG [ServerInfo]     user.country: BR
01:37:34,738 DEBUG [ServerInfo]     java.home: /Library/Java/JavaVirtualMachines/jdk1.8.0_172.jdk/Contents/Home/jre
01:37:34,738 DEBUG [ServerInfo]     java.vm.info: mixed mode
01:37:34,738 DEBUG [ServerInfo]     jboss.lib.url: file:/Users/pereirajr/Documents/Faculdade/Fernando/jboss/lib/
01:37:34,738 DEBUG [ServerInfo]     os.version: 10.14.4
01:37:34,738 DEBUG [ServerInfo]     path.separator: :
01:37:34,738 DEBUG [ServerInfo]     java.vm.version: 25.172-b11
01:37:34,738 DEBUG [ServerInfo]     java.protocol.handler.pkgs: org.jboss.net.protocol
01:37:34,739 DEBUG [ServerInfo]     java.awt.printerjob: sun.lwawt.macosx.CPrinterJob
01:37:34,739 DEBUG [ServerInfo]     sun.io.unicode.encoding: UnicodeBig
01:37:34,739 DEBUG [ServerInfo]     awt.toolkit: sun.lwawt.macosx.LWCToolkit
01:37:34,739 DEBUG [ServerInfo]     socksNonProxyHosts: local|*.local|169.254/16|*.169.254/16
01:37:34,739 DEBUG [ServerInfo]     ftp.nonProxyHosts: local|*.local|169.254/16|*.169.254/16
01:37:34,739 DEBUG [ServerInfo]     jboss.server.temp.dir: /Users/pereirajr/Documents/Faculdade/Fernando/jboss/server/default/tmp
01:37:34,739 DEBUG [ServerInfo]     sun.rmi.dgc.client.gcInterval: 3600000
01:37:34,739 DEBUG [ServerInfo]     user.home: /Users/pereirajr
01:37:34,739 DEBUG [ServerInfo]     java.specification.vendor: Oracle Corporation
01:37:34,739 DEBUG [ServerInfo]     java.library.path: /Users/pereirajr/Library/Java/Extensions:/Library/Java/Extensions:/Network/Library/Java/Extensions:/System/Library/Java/Extensions:/usr/lib/java:.
01:37:34,739 DEBUG [ServerInfo]     java.vendor.url: http://java.oracle.com/
01:37:34,739 DEBUG [ServerInfo]     program.name: run.sh
01:37:34,739 DEBUG [ServerInfo]     java.vm.vendor: Oracle Corporation
01:37:34,739 DEBUG [ServerInfo]     gopherProxySet: false
01:37:34,739 DEBUG [ServerInfo]     sun.rmi.dgc.server.gcInterval: 3600000
01:37:34,739 DEBUG [ServerInfo]     java.runtime.name: Java(TM) SE Runtime Environment
01:37:34,739 DEBUG [ServerInfo]     sun.java.command: org.jboss.Main
01:37:34,739 DEBUG [ServerInfo]     java.class.path: /Users/pereirajr/Documents/Faculdade/Fernando/jboss/bin/run.jar:/Library/Java/JavaVirtualMachines/jdk1.8.0_172.jdk/Contents/Home/lib/tools.jar
01:37:34,739 DEBUG [ServerInfo]     jboss.server.log.dir: /Users/pereirajr/Documents/Faculdade/Fernando/jboss/server/default/log
01:37:34,739 DEBUG [ServerInfo]     jbossmx.loader.repository.class: org.jboss.mx.loading.UnifiedLoaderRepository3
01:37:34,739 DEBUG [ServerInfo]     java.vm.specification.name: Java Virtual Machine Specification
01:37:34,739 DEBUG [ServerInfo]     java.vm.specification.version: 1.8
01:37:34,739 DEBUG [ServerInfo]     sun.cpu.endian: little
01:37:34,739 DEBUG [ServerInfo]     sun.os.patch.level: unknown
01:37:34,739 DEBUG [ServerInfo]     jboss.server.lib.url: file:/Users/pereirajr/Documents/Faculdade/Fernando/jboss/server/default/lib/
01:37:34,739 DEBUG [ServerInfo]     java.io.tmpdir: /var/folders/_z/7gs36g_13bz0x5t5_2h3mrym0000gn/T/
01:37:34,739 DEBUG [ServerInfo]     java.vendor.url.bug: http://bugreport.sun.com/bugreport/
01:37:34,739 DEBUG [ServerInfo]     jboss.server.data.dir: /Users/pereirajr/Documents/Faculdade/Fernando/jboss/server/default/data
01:37:34,739 DEBUG [ServerInfo]     os.arch: x86_64
01:37:34,739 DEBUG [ServerInfo]     java.awt.graphicsenv: sun.awt.CGraphicsEnvironment
01:37:34,739 DEBUG [ServerInfo]     java.ext.dirs: /Users/pereirajr/Library/Java/Extensions:/Library/Java/JavaVirtualMachines/jdk1.8.0_172.jdk/Contents/Home/jre/lib/ext:/Library/Java/Extensions:/Network/Library/Java/Extensions:/System/Library/Java/Extensions:/usr/lib/java
01:37:34,740 DEBUG [ServerInfo]     user.dir: /Users/pereirajr/Documents/Faculdade/Fernando/jboss/bin
01:37:34,740 DEBUG [ServerInfo]     line.separator: 

01:37:34,740 DEBUG [ServerInfo]     java.vm.name: Java HotSpot(TM) 64-Bit Server VM
01:37:34,740 DEBUG [ServerInfo]     jboss.server.base.dir: /Users/pereirajr/Documents/Faculdade/Fernando/jboss/server
01:37:34,740 DEBUG [ServerInfo]     jboss.server.base.url: file:/Users/pereirajr/Documents/Faculdade/Fernando/jboss/server/
01:37:34,740 DEBUG [ServerInfo]     javax.management.builder.initial: org.jboss.mx.server.MBeanServerBuilderImpl
01:37:34,740 DEBUG [ServerInfo]     file.encoding: UTF-8
01:37:34,740 DEBUG [ServerInfo]     java.specification.version: 1.8
01:37:34,740 DEBUG [ServerInfo]     jboss.server.name: default
01:37:34,750 DEBUG [Server] Created system MBean: jboss.system:type=ServerInfo
01:37:34,754 DEBUG [Server] Failed to create xmbean for: org.jboss.system.ServiceController
01:37:34,764 DEBUG [ServiceController] Controller MBean online
01:37:34,764 DEBUG [Server] Created system MBean: jboss.system:service=ServiceController
01:37:34,834 DEBUG [Server] Created system XMBean: jboss.system:service=MainDeployer
01:37:34,834 DEBUG [ServiceController] Creating service jboss.system:service=MainDeployer
01:37:34,842 DEBUG [MainDeployer] Creating jboss.system:service=MainDeployer
01:37:34,858 DEBUG [Files] Failed to delete dir: /Users/pereirajr/Documents/Faculdade/Fernando/jboss/server/default/tmp/deploy
01:37:34,860 DEBUG [MainDeployer] Created jboss.system:service=MainDeployer
01:37:34,860 DEBUG [ServiceController] Creating dependent components for: jboss.system:service=MainDeployer dependents are: []
01:37:34,864 DEBUG [ServiceController] starting service jboss.system:service=MainDeployer
01:37:34,864 DEBUG [MainDeployer] Starting jboss.system:service=MainDeployer
01:37:34,864 DEBUG [MainDeployer] Started jboss.system:service=MainDeployer
01:37:34,864 DEBUG [ServiceController] Starting dependent components for: jboss.system:service=MainDeployer dependent components: []
01:37:34,865 DEBUG [Server] Shutdown hook added
01:37:34,920 DEBUG [Server] Created system XMBean: jboss.system:service=JARDeployer
01:37:34,920 DEBUG [ServiceController] Creating service jboss.system:service=JARDeployer
01:37:34,920 DEBUG [JARDeployer] Creating jboss.system:service=JARDeployer
01:37:34,929 DEBUG [JARDeployer] Created jboss.system:service=JARDeployer
01:37:34,929 DEBUG [ServiceController] Creating dependent components for: jboss.system:service=JARDeployer dependents are: []
01:37:34,929 DEBUG [ServiceController] starting service jboss.system:service=JARDeployer
01:37:34,929 DEBUG [JARDeployer] Starting jboss.system:service=JARDeployer
01:37:34,930 DEBUG [MainDeployer] Adding deployer: org.jboss.deployment.JARDeployer@76e56925
01:37:34,930 DEBUG [SuffixOrderHelper] Static suffix exists; ignoring request for adding enhanced suffix: 700:.jar
01:37:34,932 DEBUG [JARDeployer] Started jboss.system:service=JARDeployer
01:37:34,932 DEBUG [ServiceController] Starting dependent components for: jboss.system:service=JARDeployer dependent components: []
01:37:34,950 DEBUG [Server] Created system XMBean: jboss.system:service=ServiceDeployer
01:37:34,950 DEBUG [ServiceController] Creating service jboss.system:service=ServiceDeployer
01:37:34,950 DEBUG [SARDeployer] Creating jboss.system:service=ServiceDeployer
01:37:34,960 DEBUG [SARDeployer] Created jboss.system:service=ServiceDeployer
01:37:34,961 DEBUG [ServiceController] Creating dependent components for: jboss.system:service=ServiceDeployer dependents are: []
01:37:34,961 DEBUG [ServiceController] starting service jboss.system:service=ServiceDeployer
01:37:34,961 DEBUG [SARDeployer] Starting jboss.system:service=ServiceDeployer
01:37:34,961 DEBUG [MainDeployer] Adding deployer: org.jboss.deployment.SARDeployer@44bf741
01:37:34,972 DEBUG [SARDeployer] Started jboss.system:service=ServiceDeployer
01:37:34,972 DEBUG [ServiceController] Starting dependent components for: jboss.system:service=ServiceDeployer dependent components: []
01:37:34,972 INFO  [Server] Core system initialized
01:37:34,984 DEBUG [MainDeployer] Starting deployment of package: file:/Users/pereirajr/Documents/Faculdade/Fernando/jboss/server/default/conf/jboss-service.xml
01:37:34,984 DEBUG [MainDeployer] Starting deployment (init step) of package at: file:/Users/pereirajr/Documents/Faculdade/Fernando/jboss/server/default/conf/jboss-service.xml
01:37:35,011 DEBUG [MainDeployer] Copying file:/Users/pereirajr/Documents/Faculdade/Fernando/jboss/server/default/conf/jboss-service.xml -> /Users/pereirajr/Documents/Faculdade/Fernando/jboss/server/default/tmp/deploy/tmp2494638972140880650jboss-service.xml
01:37:35,014 DEBUG [MainDeployer] using deployer org.jboss.deployment.SARDeployer@44bf741
01:37:35,037 DEBUG [SARDeployer] Found classpath element: [classpath: null]
01:37:35,041 DEBUG [SARDeployer] codebase URL is file:/Users/pereirajr/Documents/Faculdade/Fernando/jboss/server/default/lib/
01:37:35,041 DEBUG [SARDeployer] listing codebase for archives matching *
01:37:35,042 DEBUG [SARDeployer] URLLister class is org.jboss.net.protocol.file.FileURLLister
01:37:35,046 DEBUG [SARDeployer] deployed classes for file:/Users/pereirajr/Documents/Faculdade/Fernando/jboss/server/default/lib/ojdbc14.jar
01:37:35,046 DEBUG [SARDeployer] deployed classes for file:/Users/pereirajr/Documents/Faculdade/Fernando/jboss/server/default/lib/jboss-remoting-int.jar
01:37:35,046 DEBUG [SARDeployer] deployed classes for file:/Users/pereirajr/Documents/Faculdade/Fernando/jboss/server/default/lib/mail.jar
01:37:35,046 DEBUG [SARDeployer] deployed classes for file:/Users/pereirajr/Documents/Faculdade/Fernando/jboss/server/default/lib/jboss-management.jar
01:37:35,046 DEBUG [SARDeployer] deployed classes for file:/Users/pereirajr/Documents/Faculdade/Fernando/jboss/server/default/lib/joesnmp.jar
01:37:35,046 DEBUG [SARDeployer] deployed classes for file:/Users/pereirajr/Documents/Faculdade/Fernando/jboss/server/default/lib/jbossmq.jar
01:37:35,046 DEBUG [SARDeployer] deployed classes for file:/Users/pereirajr/Documents/Faculdade/Fernando/jboss/server/default/lib/jpl-util.jar
01:37:35,046 DEBUG [SARDeployer] deployed classes for file:/Users/pereirajr/Documents/Faculdade/Fernando/jboss/server/default/lib/jboss-monitoring.jar
01:37:35,046 DEBUG [SARDeployer] deployed classes for file:/Users/pereirajr/Documents/Faculdade/Fernando/jboss/server/default/lib/commons-httpclient.jar
01:37:35,046 DEBUG [SARDeployer] deployed classes for file:/Users/pereirajr/Documents/Faculdade/Fernando/jboss/server/default/lib/jboss-hibernate.jar
01:37:35,046 DEBUG [SARDeployer] deployed classes for file:/Users/pereirajr/Documents/Faculdade/Fernando/jboss/server/default/lib/postgresql-8.4-703.jdbc4.jar
01:37:35,046 DEBUG [SARDeployer] deployed classes for file:/Users/pereirajr/Documents/Faculdade/Fernando/jboss/server/default/lib/activation.jar
01:37:35,046 DEBUG [SARDeployer] deployed classes for file:/Users/pereirajr/Documents/Faculdade/Fernando/jboss/server/default/lib/jboss-j2ee.jar
01:37:35,046 DEBUG [SARDeployer] deployed classes for file:/Users/pereirajr/Documents/Faculdade/Fernando/jboss/server/default/lib/jboss-remoting.jar
01:37:35,047 DEBUG [SARDeployer] deployed classes for file:/Users/pereirajr/Documents/Faculdade/Fernando/jboss/server/default/lib/wsdl4j.jar
01:37:35,047 DEBUG [SARDeployer] deployed classes for file:/Users/pereirajr/Documents/Faculdade/Fernando/jboss/server/default/lib/jboss-saaj.jar
01:37:35,047 DEBUG [SARDeployer] deployed classes for file:/Users/pereirajr/Documents/Faculdade/Fernando/jboss/server/default/lib/jboss-srp.jar
01:37:35,047 DEBUG [SARDeployer] deployed classes for file:/Users/pereirajr/Documents/Faculdade/Fernando/jboss/server/default/lib/commons-logging.jar
01:37:35,047 DEBUG [SARDeployer] deployed classes for file:/Users/pereirajr/Documents/Faculdade/Fernando/jboss/server/default/lib/hsqldb.jar
01:37:35,047 DEBUG [SARDeployer] deployed classes for file:/Users/pereirajr/Documents/Faculdade/Fernando/jboss/server/default/lib/log4j.jar
01:37:35,047 DEBUG [SARDeployer] deployed classes for file:/Users/pereirajr/Documents/Faculdade/Fernando/jboss/server/default/lib/javax.servlet.jsp.jar
01:37:35,047 DEBUG [SARDeployer] deployed classes for file:/Users/pereirajr/Documents/Faculdade/Fernando/jboss/server/default/lib/bsh-deployer.jar
01:37:35,047 DEBUG [SARDeployer] deployed classes for file:/Users/pereirajr/Documents/Faculdade/Fernando/jboss/server/default/lib/mysql-connector-java-3.1.13-bin.jar
01:37:35,047 DEBUG [SARDeployer] deployed classes for file:/Users/pereirajr/Documents/Faculdade/Fernando/jboss/server/default/lib/hsqldb-plugin.jar
01:37:35,047 DEBUG [SARDeployer] deployed classes for file:/Users/pereirajr/Documents/Faculdade/Fernando/jboss/server/default/lib/jboss-common-jdbc-wrapper.jar
01:37:35,047 DEBUG [SARDeployer] deployed classes for file:/Users/pereirajr/Documents/Faculdade/Fernando/jboss/server/default/lib/jaxen.jar
01:37:35,047 DEBUG [SARDeployer] deployed classes for file:/Users/pereirajr/Documents/Faculdade/Fernando/jboss/server/default/lib/autonumber-plugin.jar
01:37:35,047 DEBUG [SARDeployer] deployed classes for file:/Users/pereirajr/Documents/Faculdade/Fernando/jboss/server/default/lib/xmlentitymgr.jar
01:37:35,047 DEBUG [SARDeployer] deployed classes for file:/Users/pereirajr/Documents/Faculdade/Fernando/jboss/server/default/lib/jboss-transaction.jar
01:37:35,047 DEBUG [SARDeployer] deployed classes for file:/Users/pereirajr/Documents/Faculdade/Fernando/jboss/server/default/lib/cglib.jar
01:37:35,047 DEBUG [SARDeployer] deployed classes for file:/Users/pereirajr/Documents/Faculdade/Fernando/jboss/server/default/lib/jboss-backport-concurrent.jar
01:37:35,047 DEBUG [SARDeployer] deployed classes for file:/Users/pereirajr/Documents/Faculdade/Fernando/jboss/server/default/lib/commons-collections.jar
01:37:35,047 DEBUG [SARDeployer] deployed classes for file:/Users/pereirajr/Documents/Faculdade/Fernando/jboss/server/default/lib/jboss-jsr77.jar
01:37:35,047 DEBUG [SARDeployer] deployed classes for file:/Users/pereirajr/Documents/Faculdade/Fernando/jboss/server/default/lib/jboss-jsr88.jar
01:37:35,047 DEBUG [SARDeployer] deployed classes for file:/Users/pereirajr/Documents/Faculdade/Fernando/jboss/server/default/lib/jbosssx.jar
01:37:35,047 DEBUG [SARDeployer] deployed classes for file:/Users/pereirajr/Documents/Faculdade/Fernando/jboss/server/default/lib/scheduler-plugin-example.jar
01:37:35,047 DEBUG [SARDeployer] deployed classes for file:/Users/pereirajr/Documents/Faculdade/Fernando/jboss/server/default/lib/dom4j.jar
01:37:35,047 DEBUG [SARDeployer] deployed classes for file:/Users/pereirajr/Documents/Faculdade/Fernando/jboss/server/default/lib/bcel.jar
01:37:35,047 DEBUG [SARDeployer] deployed classes for file:/Users/pereirajr/Documents/Faculdade/Fernando/jboss/server/default/lib/bsf.jar
01:37:35,047 DEBUG [SARDeployer] deployed classes for file:/Users/pereirajr/Documents/Faculdade/Fernando/jboss/server/default/lib/jboss-serialization.jar
01:37:35,047 DEBUG [SARDeployer] deployed classes for file:/Users/pereirajr/Documents/Faculdade/Fernando/jboss/server/default/lib/jmx-adaptor-plugin.jar
01:37:35,047 DEBUG [SARDeployer] deployed classes for file:/Users/pereirajr/Documents/Faculdade/Fernando/jboss/server/default/lib/bsh-1.3.0.jar
01:37:35,047 DEBUG [SARDeployer] deployed classes for file:/Users/pereirajr/Documents/Faculdade/Fernando/jboss/server/default/lib/mail-plugin.jar
01:37:35,047 DEBUG [SARDeployer] deployed classes for file:/Users/pereirajr/Documents/Faculdade/Fernando/jboss/server/default/lib/antlr-2.7.6.jar
01:37:35,048 DEBUG [SARDeployer] deployed classes for file:/Users/pereirajr/Documents/Faculdade/Fernando/jboss/server/default/lib/properties-plugin.jar
01:37:35,048 DEBUG [SARDeployer] deployed classes for file:/Users/pereirajr/Documents/Faculdade/Fernando/jboss/server/default/lib/hibernate3.jar
01:37:35,048 DEBUG [SARDeployer] deployed classes for file:/Users/pereirajr/Documents/Faculdade/Fernando/jboss/server/default/lib/javassist.jar
01:37:35,049 DEBUG [SARDeployer] deployed classes for file:/Users/pereirajr/Documents/Faculdade/Fernando/jboss/server/default/lib/postgresql-8.1-409.jdbc3.jar
01:37:35,049 DEBUG [SARDeployer] deployed classes for file:/Users/pereirajr/Documents/Faculdade/Fernando/jboss/server/default/lib/jboss.jar
01:37:35,049 DEBUG [SARDeployer] deployed classes for file:/Users/pereirajr/Documents/Faculdade/Fernando/jboss/server/default/lib/jpl-pattern.jar
01:37:35,049 DEBUG [SARDeployer] deployed classes for file:/Users/pereirajr/Documents/Faculdade/Fernando/jboss/server/default/lib/javax.servlet.jar
01:37:35,049 DEBUG [SARDeployer] deployed classes for file:/Users/pereirajr/Documents/Faculdade/Fernando/jboss/server/default/lib/jnpserver.jar
01:37:35,049 DEBUG [SARDeployer] deployed classes for file:/Users/pereirajr/Documents/Faculdade/Fernando/jboss/server/default/lib/bindingservice-plugin.jar
01:37:35,049 DEBUG [SARDeployer] deployed classes for file:/Users/pereirajr/Documents/Faculdade/Fernando/jboss/server/default/lib/scheduler-plugin.jar
01:37:35,049 DEBUG [SARDeployer] deployed classes for file:/Users/pereirajr/Documents/Faculdade/Fernando/jboss/server/default/lib/jbossretro-rt.jar
01:37:35,049 DEBUG [SARDeployer] deployed classes for file:/Users/pereirajr/Documents/Faculdade/Fernando/jboss/server/default/lib/jboss-jca.jar
01:37:35,049 DEBUG [SARDeployer] deployed classes for file:/Users/pereirajr/Documents/Faculdade/Fernando/jboss/server/default/lib/jboss-jaxrpc.jar
01:37:35,049 DEBUG [SARDeployer] about to copy 0 local directories
01:37:35,050 DEBUG [SARDeployer] looking for nested deployments in : file:/Users/pereirajr/Documents/Faculdade/Fernando/jboss/server/default/conf/jboss-service.xml
01:37:35,051 DEBUG [DeploymentInfo] createLoaderRepository from config: LoaderRepositoryConfig(repositoryName: JMImplementation:service=LoaderRepository,name=Default, repositoryClassName: null, configParserClassName: null, repositoryConfig: null)
01:37:35,052 DEBUG [RepositoryClassLoader] setRepository, repository=org.jboss.mx.loading.UnifiedLoaderRepository3@6ab6983e, cl=org.jboss.mx.loading.UnifiedClassLoader3@5ac4779d{ url=null ,addedOrder=0}
01:37:35,052 DEBUG [RepositoryClassLoader] setRepository, repository=org.jboss.mx.loading.UnifiedLoaderRepository3@6ab6983e, cl=org.jboss.mx.loading.UnifiedClassLoader3@5ac4779d{ url=null ,addedOrder=0}
01:37:35,052 DEBUG [UnifiedLoaderRepository3] Adding org.jboss.mx.loading.UnifiedClassLoader3@5ac4779d{ url=null ,addedOrder=0}
01:37:35,119 DEBUG [RepositoryClassLoader] Added url: file:/Users/pereirajr/Documents/Faculdade/Fernando/jboss/server/default/lib/ojdbc14.jar, to ucl: org.jboss.mx.loading.UnifiedClassLoader3@5ac4779d{ url=null ,addedOrder=2}
01:37:35,120 DEBUG [RepositoryClassLoader] Added url: file:/Users/pereirajr/Documents/Faculdade/Fernando/jboss/server/default/lib/jboss-remoting-int.jar, to ucl: org.jboss.mx.loading.UnifiedClassLoader3@5ac4779d{ url=null ,addedOrder=2}
01:37:35,136 DEBUG [RepositoryClassLoader] Added url: file:/Users/pereirajr/Documents/Faculdade/Fernando/jboss/server/default/lib/mail.jar, to ucl: org.jboss.mx.loading.UnifiedClassLoader3@5ac4779d{ url=null ,addedOrder=2}
01:37:35,147 DEBUG [RepositoryClassLoader] Added url: file:/Users/pereirajr/Documents/Faculdade/Fernando/jboss/server/default/lib/jboss-management.jar, to ucl: org.jboss.mx.loading.UnifiedClassLoader3@5ac4779d{ url=null ,addedOrder=2}
01:37:35,153 DEBUG [RepositoryClassLoader] Added url: file:/Users/pereirajr/Documents/Faculdade/Fernando/jboss/server/default/lib/joesnmp.jar, to ucl: org.jboss.mx.loading.UnifiedClassLoader3@5ac4779d{ url=null ,addedOrder=2}
01:37:35,177 DEBUG [RepositoryClassLoader] Added url: file:/Users/pereirajr/Documents/Faculdade/Fernando/jboss/server/default/lib/jbossmq.jar, to ucl: org.jboss.mx.loading.UnifiedClassLoader3@5ac4779d{ url=null ,addedOrder=2}
01:37:35,180 DEBUG [RepositoryClassLoader] Added url: file:/Users/pereirajr/Documents/Faculdade/Fernando/jboss/server/default/lib/jpl-util.jar, to ucl: org.jboss.mx.loading.UnifiedClassLoader3@5ac4779d{ url=null ,addedOrder=2}
01:37:35,185 DEBUG [RepositoryClassLoader] Added url: file:/Users/pereirajr/Documents/Faculdade/Fernando/jboss/server/default/lib/jboss-monitoring.jar, to ucl: org.jboss.mx.loading.UnifiedClassLoader3@5ac4779d{ url=null ,addedOrder=2}
01:37:35,200 DEBUG [RepositoryClassLoader] Added url: file:/Users/pereirajr/Documents/Faculdade/Fernando/jboss/server/default/lib/commons-httpclient.jar, to ucl: org.jboss.mx.loading.UnifiedClassLoader3@5ac4779d{ url=null ,addedOrder=2}
01:37:35,202 DEBUG [RepositoryClassLoader] Added url: file:/Users/pereirajr/Documents/Faculdade/Fernando/jboss/server/default/lib/jboss-hibernate.jar, to ucl: org.jboss.mx.loading.UnifiedClassLoader3@5ac4779d{ url=null ,addedOrder=2}
01:37:35,227 DEBUG [RepositoryClassLoader] Added url: file:/Users/pereirajr/Documents/Faculdade/Fernando/jboss/server/default/lib/postgresql-8.4-703.jdbc4.jar, to ucl: org.jboss.mx.loading.UnifiedClassLoader3@5ac4779d{ url=null ,addedOrder=2}
01:37:35,230 DEBUG [RepositoryClassLoader] Added url: file:/Users/pereirajr/Documents/Faculdade/Fernando/jboss/server/default/lib/activation.jar, to ucl: org.jboss.mx.loading.UnifiedClassLoader3@5ac4779d{ url=null ,addedOrder=2}
01:37:35,253 DEBUG [RepositoryClassLoader] Added url: file:/Users/pereirajr/Documents/Faculdade/Fernando/jboss/server/default/lib/jboss-j2ee.jar, to ucl: org.jboss.mx.loading.UnifiedClassLoader3@5ac4779d{ url=null ,addedOrder=2}
01:37:35,273 DEBUG [RepositoryClassLoader] Added url: file:/Users/pereirajr/Documents/Faculdade/Fernando/jboss/server/default/lib/jboss-remoting.jar, to ucl: org.jboss.mx.loading.UnifiedClassLoader3@5ac4779d{ url=null ,addedOrder=2}
01:37:35,286 DEBUG [RepositoryClassLoader] Added url: file:/Users/pereirajr/Documents/Faculdade/Fernando/jboss/server/default/lib/wsdl4j.jar, to ucl: org.jboss.mx.loading.UnifiedClassLoader3@5ac4779d{ url=null ,addedOrder=2}
01:37:35,288 DEBUG [RepositoryClassLoader] Added url: file:/Users/pereirajr/Documents/Faculdade/Fernando/jboss/server/default/lib/jboss-saaj.jar, to ucl: org.jboss.mx.loading.UnifiedClassLoader3@5ac4779d{ url=null ,addedOrder=2}
01:37:35,295 DEBUG [RepositoryClassLoader] Added url: file:/Users/pereirajr/Documents/Faculdade/Fernando/jboss/server/default/lib/jboss-srp.jar, to ucl: org.jboss.mx.loading.UnifiedClassLoader3@5ac4779d{ url=null ,addedOrder=2}
01:37:35,304 DEBUG [RepositoryClassLoader] Added url: file:/Users/pereirajr/Documents/Faculdade/Fernando/jboss/server/default/lib/commons-logging.jar, to ucl: org.jboss.mx.loading.UnifiedClassLoader3@5ac4779d{ url=null ,addedOrder=2}
01:37:35,305 DEBUG [ClassLoaderUtils] Multiple class loaders found for pkg: 
01:37:35,323 DEBUG [RepositoryClassLoader] Added url: file:/Users/pereirajr/Documents/Faculdade/Fernando/jboss/server/default/lib/hsqldb.jar, to ucl: org.jboss.mx.loading.UnifiedClassLoader3@5ac4779d{ url=null ,addedOrder=2}
01:37:35,340 DEBUG [RepositoryClassLoader] Added url: file:/Users/pereirajr/Documents/Faculdade/Fernando/jboss/server/default/lib/log4j.jar, to ucl: org.jboss.mx.loading.UnifiedClassLoader3@5ac4779d{ url=null ,addedOrder=2}
01:37:35,343 DEBUG [RepositoryClassLoader] Added url: file:/Users/pereirajr/Documents/Faculdade/Fernando/jboss/server/default/lib/javax.servlet.jsp.jar, to ucl: org.jboss.mx.loading.UnifiedClassLoader3@5ac4779d{ url=null ,addedOrder=2}
01:37:35,344 DEBUG [RepositoryClassLoader] Added url: file:/Users/pereirajr/Documents/Faculdade/Fernando/jboss/server/default/lib/bsh-deployer.jar, to ucl: org.jboss.mx.loading.UnifiedClassLoader3@5ac4779d{ url=null ,addedOrder=2}
01:37:35,358 DEBUG [RepositoryClassLoader] Added url: file:/Users/pereirajr/Documents/Faculdade/Fernando/jboss/server/default/lib/mysql-connector-java-3.1.13-bin.jar, to ucl: org.jboss.mx.loading.UnifiedClassLoader3@5ac4779d{ url=null ,addedOrder=2}
01:37:35,360 DEBUG [RepositoryClassLoader] Added url: file:/Users/pereirajr/Documents/Faculdade/Fernando/jboss/server/default/lib/hsqldb-plugin.jar, to ucl: org.jboss.mx.loading.UnifiedClassLoader3@5ac4779d{ url=null ,addedOrder=2}
01:37:35,364 DEBUG [RepositoryClassLoader] Added url: file:/Users/pereirajr/Documents/Faculdade/Fernando/jboss/server/default/lib/jboss-common-jdbc-wrapper.jar, to ucl: org.jboss.mx.loading.UnifiedClassLoader3@5ac4779d{ url=null ,addedOrder=2}
01:37:35,378 DEBUG [RepositoryClassLoader] Added url: file:/Users/pereirajr/Documents/Faculdade/Fernando/jboss/server/default/lib/jaxen.jar, to ucl: org.jboss.mx.loading.UnifiedClassLoader3@5ac4779d{ url=null ,addedOrder=2}
01:37:35,379 DEBUG [RepositoryClassLoader] Added url: file:/Users/pereirajr/Documents/Faculdade/Fernando/jboss/server/default/lib/autonumber-plugin.jar, to ucl: org.jboss.mx.loading.UnifiedClassLoader3@5ac4779d{ url=null ,addedOrder=2}
01:37:35,380 DEBUG [RepositoryClassLoader] Added url: file:/Users/pereirajr/Documents/Faculdade/Fernando/jboss/server/default/lib/xmlentitymgr.jar, to ucl: org.jboss.mx.loading.UnifiedClassLoader3@5ac4779d{ url=null ,addedOrder=2}
01:37:35,385 DEBUG [RepositoryClassLoader] Added url: file:/Users/pereirajr/Documents/Faculdade/Fernando/jboss/server/default/lib/jboss-transaction.jar, to ucl: org.jboss.mx.loading.UnifiedClassLoader3@5ac4779d{ url=null ,addedOrder=2}
01:37:35,403 DEBUG [RepositoryClassLoader] Added url: file:/Users/pereirajr/Documents/Faculdade/Fernando/jboss/server/default/lib/cglib.jar, to ucl: org.jboss.mx.loading.UnifiedClassLoader3@5ac4779d{ url=null ,addedOrder=2}
01:37:35,413 DEBUG [RepositoryClassLoader] Added url: file:/Users/pereirajr/Documents/Faculdade/Fernando/jboss/server/default/lib/jboss-backport-concurrent.jar, to ucl: org.jboss.mx.loading.UnifiedClassLoader3@5ac4779d{ url=null ,addedOrder=2}
01:37:35,435 DEBUG [RepositoryClassLoader] Added url: file:/Users/pereirajr/Documents/Faculdade/Fernando/jboss/server/default/lib/commons-collections.jar, to ucl: org.jboss.mx.loading.UnifiedClassLoader3@5ac4779d{ url=null ,addedOrder=2}
01:37:35,437 DEBUG [RepositoryClassLoader] Added url: file:/Users/pereirajr/Documents/Faculdade/Fernando/jboss/server/default/lib/jboss-jsr77.jar, to ucl: org.jboss.mx.loading.UnifiedClassLoader3@5ac4779d{ url=null ,addedOrder=2}
01:37:35,440 DEBUG [RepositoryClassLoader] Added url: file:/Users/pereirajr/Documents/Faculdade/Fernando/jboss/server/default/lib/jboss-jsr88.jar, to ucl: org.jboss.mx.loading.UnifiedClassLoader3@5ac4779d{ url=null ,addedOrder=2}
01:37:35,457 DEBUG [RepositoryClassLoader] Added url: file:/Users/pereirajr/Documents/Faculdade/Fernando/jboss/server/default/lib/jbosssx.jar, to ucl: org.jboss.mx.loading.UnifiedClassLoader3@5ac4779d{ url=null ,addedOrder=2}
01:37:35,457 DEBUG [RepositoryClassLoader] Added url: file:/Users/pereirajr/Documents/Faculdade/Fernando/jboss/server/default/lib/scheduler-plugin-example.jar, to ucl: org.jboss.mx.loading.UnifiedClassLoader3@5ac4779d{ url=null ,addedOrder=2}
01:37:35,470 DEBUG [RepositoryClassLoader] Added url: file:/Users/pereirajr/Documents/Faculdade/Fernando/jboss/server/default/lib/dom4j.jar, to ucl: org.jboss.mx.loading.UnifiedClassLoader3@5ac4779d{ url=null ,addedOrder=2}
01:37:35,495 DEBUG [RepositoryClassLoader] Added url: file:/Users/pereirajr/Documents/Faculdade/Fernando/jboss/server/default/lib/bcel.jar, to ucl: org.jboss.mx.loading.UnifiedClassLoader3@5ac4779d{ url=null ,addedOrder=2}
01:37:35,502 DEBUG [RepositoryClassLoader] Added url: file:/Users/pereirajr/Documents/Faculdade/Fernando/jboss/server/default/lib/bsf.jar, to ucl: org.jboss.mx.loading.UnifiedClassLoader3@5ac4779d{ url=null ,addedOrder=2}
01:37:35,516 DEBUG [RepositoryClassLoader] Added url: file:/Users/pereirajr/Documents/Faculdade/Fernando/jboss/server/default/lib/jboss-serialization.jar, to ucl: org.jboss.mx.loading.UnifiedClassLoader3@5ac4779d{ url=null ,addedOrder=2}
01:37:35,518 DEBUG [RepositoryClassLoader] Added url: file:/Users/pereirajr/Documents/Faculdade/Fernando/jboss/server/default/lib/jmx-adaptor-plugin.jar, to ucl: org.jboss.mx.loading.UnifiedClassLoader3@5ac4779d{ url=null ,addedOrder=2}
01:37:35,531 DEBUG [RepositoryClassLoader] Added url: file:/Users/pereirajr/Documents/Faculdade/Fernando/jboss/server/default/lib/bsh-1.3.0.jar, to ucl: org.jboss.mx.loading.UnifiedClassLoader3@5ac4779d{ url=null ,addedOrder=2}
01:37:35,532 DEBUG [RepositoryClassLoader] Added url: file:/Users/pereirajr/Documents/Faculdade/Fernando/jboss/server/default/lib/mail-plugin.jar, to ucl: org.jboss.mx.loading.UnifiedClassLoader3@5ac4779d{ url=null ,addedOrder=2}
01:37:35,547 DEBUG [RepositoryClassLoader] Added url: file:/Users/pereirajr/Documents/Faculdade/Fernando/jboss/server/default/lib/antlr-2.7.6.jar, to ucl: org.jboss.mx.loading.UnifiedClassLoader3@5ac4779d{ url=null ,addedOrder=2}
01:37:35,548 DEBUG [RepositoryClassLoader] Added url: file:/Users/pereirajr/Documents/Faculdade/Fernando/jboss/server/default/lib/properties-plugin.jar, to ucl: org.jboss.mx.loading.UnifiedClassLoader3@5ac4779d{ url=null ,addedOrder=2}
01:37:35,605 DEBUG [RepositoryClassLoader] Added url: file:/Users/pereirajr/Documents/Faculdade/Fernando/jboss/server/default/lib/hibernate3.jar, to ucl: org.jboss.mx.loading.UnifiedClassLoader3@5ac4779d{ url=null ,addedOrder=2}
01:37:35,617 DEBUG [RepositoryClassLoader] Added url: file:/Users/pereirajr/Documents/Faculdade/Fernando/jboss/server/default/lib/javassist.jar, to ucl: org.jboss.mx.loading.UnifiedClassLoader3@5ac4779d{ url=null ,addedOrder=2}
01:37:35,633 DEBUG [RepositoryClassLoader] Added url: file:/Users/pereirajr/Documents/Faculdade/Fernando/jboss/server/default/lib/postgresql-8.1-409.jdbc3.jar, to ucl: org.jboss.mx.loading.UnifiedClassLoader3@5ac4779d{ url=null ,addedOrder=2}
01:37:35,683 DEBUG [RepositoryClassLoader] Added url: file:/Users/pereirajr/Documents/Faculdade/Fernando/jboss/server/default/lib/jboss.jar, to ucl: org.jboss.mx.loading.UnifiedClassLoader3@5ac4779d{ url=null ,addedOrder=2}
01:37:35,684 DEBUG [RepositoryClassLoader] Added url: file:/Users/pereirajr/Documents/Faculdade/Fernando/jboss/server/default/lib/jpl-pattern.jar, to ucl: org.jboss.mx.loading.UnifiedClassLoader3@5ac4779d{ url=null ,addedOrder=2}
01:37:35,693 DEBUG [RepositoryClassLoader] Added url: file:/Users/pereirajr/Documents/Faculdade/Fernando/jboss/server/default/lib/javax.servlet.jar, to ucl: org.jboss.mx.loading.UnifiedClassLoader3@5ac4779d{ url=null ,addedOrder=2}
01:37:35,695 DEBUG [RepositoryClassLoader] Added url: file:/Users/pereirajr/Documents/Faculdade/Fernando/jboss/server/default/lib/jnpserver.jar, to ucl: org.jboss.mx.loading.UnifiedClassLoader3@5ac4779d{ url=null ,addedOrder=2}
01:37:35,697 DEBUG [RepositoryClassLoader] Added url: file:/Users/pereirajr/Documents/Faculdade/Fernando/jboss/server/default/lib/bindingservice-plugin.jar, to ucl: org.jboss.mx.loading.UnifiedClassLoader3@5ac4779d{ url=null ,addedOrder=2}
01:37:35,704 DEBUG [RepositoryClassLoader] Added url: file:/Users/pereirajr/Documents/Faculdade/Fernando/jboss/server/default/lib/scheduler-plugin.jar, to ucl: org.jboss.mx.loading.UnifiedClassLoader3@5ac4779d{ url=null ,addedOrder=2}
01:37:35,706 DEBUG [RepositoryClassLoader] Added url: file:/Users/pereirajr/Documents/Faculdade/Fernando/jboss/server/default/lib/jbossretro-rt.jar, to ucl: org.jboss.mx.loading.UnifiedClassLoader3@5ac4779d{ url=null ,addedOrder=2}
01:37:35,717 DEBUG [RepositoryClassLoader] Added url: file:/Users/pereirajr/Documents/Faculdade/Fernando/jboss/server/default/lib/jboss-jca.jar, to ucl: org.jboss.mx.loading.UnifiedClassLoader3@5ac4779d{ url=null ,addedOrder=2}
01:37:35,719 DEBUG [RepositoryClassLoader] Added url: file:/Users/pereirajr/Documents/Faculdade/Fernando/jboss/server/default/lib/jboss-jaxrpc.jar, to ucl: org.jboss.mx.loading.UnifiedClassLoader3@5ac4779d{ url=null ,addedOrder=2}
01:37:35,719 DEBUG [MainDeployer] found 0 subpackages of file:/Users/pereirajr/Documents/Faculdade/Fernando/jboss/server/default/conf/jboss-service.xml
01:37:35,720 DEBUG [MainDeployer] Watching new file: file:/Users/pereirajr/Documents/Faculdade/Fernando/jboss/server/default/conf/jboss-service.xml
01:37:35,720 DEBUG [MainDeployer] create step for deployment file:/Users/pereirajr/Documents/Faculdade/Fernando/jboss/server/default/conf/jboss-service.xml
01:37:35,720 DEBUG [SARDeployer] Deploying SAR, create step: url file:/Users/pereirajr/Documents/Faculdade/Fernando/jboss/server/default/conf/jboss-service.xml
01:37:35,720 DEBUG [SARDeployer] Registering service UCL=jmx.loading:UCL=5ac4779d
01:37:35,721 DEBUG [ServiceCreator] About to create bean: jboss.management.local:j2eeType=J2EEDomain,name=Manager with code: org.jboss.management.j2ee.LocalJBossServerDomain
01:37:35,763 DEBUG [ServiceCreator] Created bean: jboss.management.local:j2eeType=J2EEDomain,name=Manager
01:37:35,765 DEBUG [ServiceConfigurator] MainDeployer set to jboss.system:service=MainDeployer in jboss.management.local:j2eeType=J2EEDomain,name=Manager
01:37:35,766 DEBUG [ServiceConfigurator] SARDeployer set to jboss.system:service=ServiceDeployer in jboss.management.local:j2eeType=J2EEDomain,name=Manager
01:37:35,767 DEBUG [ServiceConfigurator] EARDeployer set to jboss.j2ee:service=EARDeployer in jboss.management.local:j2eeType=J2EEDomain,name=Manager
01:37:35,767 DEBUG [ServiceConfigurator] EJBDeployer set to jboss.ejb:service=EJBDeployer in jboss.management.local:j2eeType=J2EEDomain,name=Manager
01:37:35,767 DEBUG [ServiceConfigurator] RARDeployer set to jboss.jca:service=RARDeployer in jboss.management.local:j2eeType=J2EEDomain,name=Manager
01:37:35,768 DEBUG [ServiceConfigurator] CMDeployer set to jboss.jca:service=ConnectionFactoryDeployer in jboss.management.local:j2eeType=J2EEDomain,name=Manager
01:37:35,768 DEBUG [ServiceConfigurator] WARDeployer set to jboss.web:service=WebServer in jboss.management.local:j2eeType=J2EEDomain,name=Manager
01:37:35,769 DEBUG [ServiceConfigurator] CARDeployer set to jboss.j2ee:service=ClientDeployer in jboss.management.local:j2eeType=J2EEDomain,name=Manager
01:37:35,769 DEBUG [ServiceConfigurator] MailService set to jboss:service=Mail in jboss.management.local:j2eeType=J2EEDomain,name=Manager
01:37:35,770 DEBUG [ServiceConfigurator] JMSService set to jboss.mq:service=DestinationManager in jboss.management.local:j2eeType=J2EEDomain,name=Manager
01:37:35,770 DEBUG [ServiceConfigurator] JNDIService set to jboss:service=Naming in jboss.management.local:j2eeType=J2EEDomain,name=Manager
01:37:35,770 DEBUG [ServiceConfigurator] JTAService set to jboss:service=TransactionManager in jboss.management.local:j2eeType=J2EEDomain,name=Manager
01:37:35,771 DEBUG [ServiceConfigurator] UserTransactionService set to jboss:service=ClientUserTransaction in jboss.management.local:j2eeType=J2EEDomain,name=Manager
01:37:35,771 DEBUG [ServiceConfigurator] RMI_IIOPService set to jboss:service=CorbaORB in jboss.management.local:j2eeType=J2EEDomain,name=Manager
01:37:35,771 DEBUG [ServiceCreator] About to create xmbean object: jboss:service=AttributePersistenceService with code: org.jboss.system.pm.AttributePersistenceService with descriptor: resource:xmdesc/AttributePersistenceService-xmbean.xml
01:37:35,792 DEBUG [ModelMBeanInvoker] Loaded persistence mgr: org.jboss.mx.persistence.ObjectStreamPersistenceManager
01:37:35,792 DEBUG [ObjectStreamPersistenceManager] load, resource:org.jboss.system.pm.AttributePersistenceService@7c8ca841
01:37:35,792 DEBUG [ObjectStreamPersistenceManager] Store file is: /Users/pereirajr/Documents/Faculdade/Fernando/jboss/server/default/data/xmbean-attrs/AttributePersistenceService.ser
01:37:35,792 DEBUG [ServiceCreator] Created bean: jboss:service=AttributePersistenceService
01:37:35,792 DEBUG [ServiceCreator] About to create bean: jboss.system:service=ThreadPool with code: org.jboss.util.threadpool.BasicThreadPool
01:37:35,807 DEBUG [ServiceCreator] Created bean: jboss.system:service=ThreadPool
01:37:35,807 DEBUG [ServiceConfigurator] Name set to JBoss System Threads in jboss.system:service=ThreadPool
01:37:35,808 DEBUG [ServiceConfigurator] ThreadGroupName set to System Threads in jboss.system:service=ThreadPool
01:37:35,808 DEBUG [ServiceConfigurator] KeepAliveTime set to 60000 in jboss.system:service=ThreadPool
01:37:35,809 DEBUG [ServiceConfigurator] MaximumPoolSize set to 10 in jboss.system:service=ThreadPool
01:37:35,809 DEBUG [ServiceConfigurator] MaximumQueueSize set to 1000 in jboss.system:service=ThreadPool
01:37:35,810 DEBUG [ServiceConfigurator] BlockingMode set to run in jboss.system:service=ThreadPool
01:37:35,810 DEBUG [ServiceCreator] About to create xmbean object: jboss.system:type=Log4jService,service=Logging with code: org.jboss.logging.Log4jService with descriptor: resource:xmdesc/Log4jService-xmbean.xml
01:37:35,834 DEBUG [ServiceCreator] Created bean: jboss.system:type=Log4jService,service=Logging
01:37:35,835 DEBUG [ServiceConfigurator] ConfigurationURL set to resource:log4j.xml in jboss.system:type=Log4jService,service=Logging
01:37:35,835 DEBUG [ServiceConfigurator] Log4jQuietMode set to true in jboss.system:type=Log4jService,service=Logging
01:37:35,836 DEBUG [ServiceConfigurator] RefreshPeriod set to 60 in jboss.system:type=Log4jService,service=Logging
01:37:35,836 DEBUG [ServiceCreator] About to create bean: jboss.rmi:type=RMIClassLoader with code: org.jboss.util.property.jmx.SystemPropertyClassValue
01:37:35,838 DEBUG [ServiceCreator] Created bean: jboss.rmi:type=RMIClassLoader
01:37:35,838 DEBUG [ServiceConfigurator] Property set to java.rmi.server.RMIClassLoaderSpi in jboss.rmi:type=RMIClassLoader
01:37:35,839 DEBUG [ServiceConfigurator] ClassName set to org.jboss.system.JBossRMIClassLoader in jboss.rmi:type=RMIClassLoader
01:37:35,840 DEBUG [ServiceCreator] About to create bean: jboss:service=WebService with code: org.jboss.web.WebService
01:37:35,851 DEBUG [ServiceCreator] Created bean: jboss:service=WebService
01:37:35,851 DEBUG [ServiceConfigurator] Port set to 8083 in jboss:service=WebService
01:37:35,851 DEBUG [ServiceConfigurator] DownloadServerClasses set to true in jboss:service=WebService
01:37:35,851 DEBUG [ServiceConfigurator] DownloadResources set to false in jboss:service=WebService
01:37:35,852 DEBUG [ServiceConfigurator] Host set to 0.0.0.0 in jboss:service=WebService
01:37:35,852 DEBUG [ServiceConfigurator] BindAddress set to 0.0.0.0 in jboss:service=WebService
01:37:35,852 DEBUG [ServiceController] recording that jboss:service=WebService depends on jboss.system:service=ThreadPool
01:37:35,852 DEBUG [ServiceConfigurator] considering ThreadPool with object name jboss.system:service=ThreadPool
01:37:35,858 DEBUG [ServiceCreator] About to create xmbean object: jboss:service=Naming with code: org.jboss.naming.NamingService with descriptor: resource:xmdesc/NamingService-xmbean.xml
01:37:35,892 DEBUG [ModelMBeanInvoker] Ignoring obsolete legacy interceptor: org.jboss.mx.interceptor.PersistenceInterceptor2
01:37:35,892 DEBUG [ModelMBeanInvoker] Ignoring obsolete legacy interceptor: org.jboss.mx.interceptor.ModelMBeanInterceptor
01:37:35,892 DEBUG [ModelMBeanInvoker] Ignoring obsolete legacy interceptor: org.jboss.mx.interceptor.ObjectReferenceInterceptor
01:37:35,893 DEBUG [ServiceCreator] Created bean: jboss:service=Naming
01:37:35,893 DEBUG [ServiceConfigurator] CallByValue set to false in jboss:service=Naming
01:37:35,894 DEBUG [ServiceConfigurator] Port set to 1099 in jboss:service=Naming
01:37:35,895 DEBUG [ServiceConfigurator] BindAddress set to 0.0.0.0 in jboss:service=Naming
01:37:35,895 DEBUG [ServiceConfigurator] RmiPort set to 1098 in jboss:service=Naming
01:37:35,895 DEBUG [ServiceConfigurator] RmiBindAddress set to 0.0.0.0 in jboss:service=Naming
01:37:35,895 DEBUG [ServiceController] recording that jboss:service=Naming depends on jboss.system:service=ThreadPool
01:37:35,895 DEBUG [ServiceConfigurator] considering LookupPool with object name jboss.system:service=ThreadPool
01:37:35,898 DEBUG [ServiceCreator] About to create xmbean object: jboss:service=JNDIView with code: org.jboss.naming.JNDIView with descriptor: resource:xmdesc/JNDIView-xmbean.xml
01:37:35,910 DEBUG [ServiceCreator] Created bean: jboss:service=JNDIView
01:37:35,910 DEBUG [ServiceConfigurator] HANamingService set to jboss:service=HAJNDI in jboss:service=JNDIView
01:37:35,911 DEBUG [ServiceCreator] About to create bean: jboss.security:service=SecurityConfig with code: org.jboss.security.plugins.SecurityConfig
01:37:35,914 DEBUG [ServiceCreator] Created bean: jboss.security:service=SecurityConfig
01:37:35,914 DEBUG [ServiceConfigurator] LoginConfig set to jboss.security:service=XMLLoginConfig in jboss.security:service=SecurityConfig
01:37:35,914 DEBUG [ServiceCreator] About to create bean: jboss.security:service=XMLLoginConfig with code: org.jboss.security.auth.login.XMLLoginConfig
01:37:35,931 DEBUG [ServiceCreator] Created bean: jboss.security:service=XMLLoginConfig
01:37:35,931 DEBUG [ServiceConfigurator] ConfigResource set to login-config.xml in jboss.security:service=XMLLoginConfig
01:37:35,932 DEBUG [ServiceCreator] About to create bean: jboss.security:service=JaasSecurityManager with code: org.jboss.security.plugins.JaasSecurityManagerService
01:37:35,946 DEBUG [ServiceCreator] Created bean: jboss.security:service=JaasSecurityManager
01:37:35,946 DEBUG [ServiceConfigurator] ServerMode set to true in jboss.security:service=JaasSecurityManager
01:37:35,946 DEBUG [ServiceConfigurator] SecurityManagerClassName set to org.jboss.security.plugins.JaasSecurityManager in jboss.security:service=JaasSecurityManager
01:37:35,947 DEBUG [ServiceConfigurator] DefaultUnauthenticatedPrincipal set to anonymous in jboss.security:service=JaasSecurityManager
01:37:35,947 DEBUG [ServiceConfigurator] DefaultCacheTimeout set to 0 in jboss.security:service=JaasSecurityManager
01:37:35,947 DEBUG [ServiceConfigurator] DefaultCacheResolution set to 60 in jboss.security:service=JaasSecurityManager
01:37:35,947 DEBUG [ServiceCreator] About to create bean: jboss:service=XidFactory with code: org.jboss.tm.XidFactory
01:37:35,950 DEBUG [ServiceCreator] Created bean: jboss:service=XidFactory
01:37:35,950 DEBUG [ServiceCreator] About to create xmbean object: jboss:service=TransactionManager with code: org.jboss.tm.TransactionManagerService with descriptor: resource:xmdesc/TransactionManagerService-xmbean.xml
01:37:35,959 DEBUG [ServiceCreator] Created bean: jboss:service=TransactionManager
01:37:35,960 DEBUG [ServiceConfigurator] TransactionTimeout set to 300 in jboss:service=TransactionManager
01:37:35,960 DEBUG [ServiceConfigurator] GlobalIdsEnabled set to true in jboss:service=TransactionManager
01:37:35,960 DEBUG [ServiceController] recording that jboss:service=TransactionManager depends on jboss:service=XidFactory
01:37:35,960 DEBUG [ServiceConfigurator] considering XidFactory with object name jboss:service=XidFactory
01:37:35,960 DEBUG [ServiceCreator] About to create xmbean object: jboss:service=ClientUserTransaction with code: org.jboss.tm.usertx.server.ClientUserTransactionService with descriptor: resource:xmdesc/ClientUserTransaction-xmbean.xml
01:37:35,971 DEBUG [ServiceCreator] Created bean: jboss:service=ClientUserTransaction
01:37:35,971 DEBUG [ServiceCreator] About to create bean: jboss:service=proxyFactory,target=ClientUserTransactionFactory with code: org.jboss.invocation.jrmp.server.JRMPProxyFactory
01:37:35,990 DEBUG [ServiceCreator] Created bean: jboss:service=proxyFactory,target=ClientUserTransactionFactory
01:37:35,991 DEBUG [ServiceConfigurator] InvokerName set to jboss:service=invoker,type=jrmp in jboss:service=proxyFactory,target=ClientUserTransactionFactory
01:37:35,991 DEBUG [ServiceConfigurator] TargetName set to jboss:service=ClientUserTransaction in jboss:service=proxyFactory,target=ClientUserTransactionFactory
01:37:35,992 DEBUG [ServiceConfigurator] JndiName set to UserTransactionSessionFactory in jboss:service=proxyFactory,target=ClientUserTransactionFactory
01:37:35,993 DEBUG [ServiceConfigurator] ExportedInterface set to interface org.jboss.tm.usertx.interfaces.UserTransactionSessionFactory in jboss:service=proxyFactory,target=ClientUserTransactionFactory
01:37:35,997 DEBUG [ServiceConfigurator] ClientInterceptors set to [interceptors: null] in jboss:service=proxyFactory,target=ClientUserTransactionFactory
01:37:36,000 DEBUG [JRMPProxyFactory] added interceptor type: class org.jboss.proxy.ClientMethodInterceptor
01:37:36,000 DEBUG [JRMPProxyFactory] added interceptor type: class org.jboss.invocation.InvokerInterceptor
01:37:36,000 DEBUG [ServiceController] recording that jboss:service=proxyFactory,target=ClientUserTransactionFactory depends on jboss:service=invoker,type=jrmp
01:37:36,000 DEBUG [ServiceConfigurator] considering <anonymous> with object name jboss:service=invoker,type=jrmp
01:37:36,000 DEBUG [ServiceController] recording that jboss:service=ClientUserTransaction depends on jboss:service=proxyFactory,target=ClientUserTransactionFactory
01:37:36,000 DEBUG [ServiceConfigurator] considering <anonymous> with object name jboss:service=proxyFactory,target=ClientUserTransactionFactory
01:37:36,000 DEBUG [ServiceCreator] About to create bean: jboss:service=proxyFactory,target=ClientUserTransaction with code: org.jboss.invocation.jrmp.server.JRMPProxyFactory
01:37:36,001 DEBUG [ServiceCreator] Created bean: jboss:service=proxyFactory,target=ClientUserTransaction
01:37:36,002 DEBUG [ServiceConfigurator] InvokerName set to jboss:service=invoker,type=jrmp in jboss:service=proxyFactory,target=ClientUserTransaction
01:37:36,002 DEBUG [ServiceConfigurator] TargetName set to jboss:service=ClientUserTransaction in jboss:service=proxyFactory,target=ClientUserTransaction
01:37:36,003 DEBUG [ServiceConfigurator] ExportedInterface set to interface org.jboss.tm.usertx.interfaces.UserTransactionSession in jboss:service=proxyFactory,target=ClientUserTransaction
01:37:36,004 DEBUG [ServiceConfigurator] ClientInterceptors set to [interceptors: null] in jboss:service=proxyFactory,target=ClientUserTransaction
01:37:36,004 DEBUG [JRMPProxyFactory] added interceptor type: class org.jboss.proxy.ClientMethodInterceptor
01:37:36,004 DEBUG [JRMPProxyFactory] added interceptor type: class org.jboss.invocation.InvokerInterceptor
01:37:36,004 DEBUG [ServiceController] recording that jboss:service=proxyFactory,target=ClientUserTransaction depends on jboss:service=invoker,type=jrmp
01:37:36,004 DEBUG [ServiceConfigurator] considering <anonymous> with object name jboss:service=invoker,type=jrmp
01:37:36,004 DEBUG [ServiceController] recording that jboss:service=ClientUserTransaction depends on jboss:service=proxyFactory,target=ClientUserTransaction
01:37:36,004 DEBUG [ServiceConfigurator] considering TxProxyName with object name jboss:service=proxyFactory,target=ClientUserTransaction
01:37:36,005 DEBUG [ServiceCreator] About to create bean: jboss:service=invoker,type=jrmp with code: org.jboss.invocation.jrmp.server.JRMPInvoker
01:37:36,017 DEBUG [ServiceCreator] Created bean: jboss:service=invoker,type=jrmp
01:37:36,017 DEBUG [ServiceConfigurator] RMIObjectPort set to 4444 in jboss:service=invoker,type=jrmp
01:37:36,018 DEBUG [ServiceConfigurator] ServerAddress set to 0.0.0.0 in jboss:service=invoker,type=jrmp
01:37:36,018 DEBUG [ServiceController] recording that jboss:service=invoker,type=jrmp depends on jboss:service=TransactionManager
01:37:36,018 DEBUG [ServiceConfigurator] considering <anonymous> with object name jboss:service=TransactionManager
01:37:36,018 DEBUG [ServiceCreator] About to create bean: jboss:service=invoker,type=local with code: org.jboss.invocation.local.LocalInvoker
01:37:36,020 DEBUG [ServiceCreator] Created bean: jboss:service=invoker,type=local
01:37:36,020 DEBUG [ServiceController] recording that jboss:service=invoker,type=local depends on jboss:service=TransactionManager
01:37:36,020 DEBUG [ServiceConfigurator] considering <anonymous> with object name jboss:service=TransactionManager
01:37:36,020 DEBUG [ServiceCreator] About to create bean: jboss:service=invoker,type=pooled with code: org.jboss.invocation.pooled.server.PooledInvoker
01:37:36,027 DEBUG [ServiceCreator] Created bean: jboss:service=invoker,type=pooled
01:37:36,027 DEBUG [ServiceConfigurator] NumAcceptThreads set to 1 in jboss:service=invoker,type=pooled
01:37:36,027 DEBUG [ServiceConfigurator] MaxPoolSize set to 300 in jboss:service=invoker,type=pooled
01:37:36,027 DEBUG [ServiceConfigurator] ClientMaxPoolSize set to 300 in jboss:service=invoker,type=pooled
01:37:36,027 DEBUG [ServiceConfigurator] SocketTimeout set to 60000 in jboss:service=invoker,type=pooled
01:37:36,028 DEBUG [ServiceConfigurator] ServerBindAddress set to 0.0.0.0 in jboss:service=invoker,type=pooled
01:37:36,028 DEBUG [ServiceConfigurator] ServerBindPort set to 4445 in jboss:service=invoker,type=pooled
01:37:36,028 DEBUG [ServiceConfigurator] ClientConnectAddress set to 0.0.0.0 in jboss:service=invoker,type=pooled
01:37:36,029 DEBUG [ServiceConfigurator] ClientConnectPort set to 0 in jboss:service=invoker,type=pooled
01:37:36,029 DEBUG [ServiceConfigurator] ClientRetryCount set to 1 in jboss:service=invoker,type=pooled
01:37:36,029 DEBUG [ServiceConfigurator] EnableTcpNoDelay set to false in jboss:service=invoker,type=pooled
01:37:36,029 DEBUG [ServiceController] recording that jboss:service=invoker,type=pooled depends on jboss:service=TransactionManager
01:37:36,030 DEBUG [ServiceConfigurator] considering TransactionManagerService with object name jboss:service=TransactionManager
01:37:36,030 DEBUG [ServiceCreator] About to create bean: jboss.jdbc:service=metadata with code: org.jboss.ejb.plugins.cmp.jdbc.metadata.MetaDataLibrary
01:37:36,032 DEBUG [ServiceCreator] Created bean: jboss.jdbc:service=metadata
01:37:36,032 DEBUG [ServiceCreator] About to create bean: jboss.deployment:type=DeploymentScanner,flavor=URL with code: org.jboss.deployment.scanner.URLDeploymentScanner
01:37:36,038 DEBUG [ServiceCreator] Created bean: jboss.deployment:type=DeploymentScanner,flavor=URL
01:37:36,038 DEBUG [ServiceController] recording that jboss.deployment:type=DeploymentScanner,flavor=URL depends on jboss.system:service=MainDeployer
01:37:36,038 DEBUG [ServiceConfigurator] considering Deployer with object name jboss.system:service=MainDeployer
01:37:36,039 DEBUG [ServiceConfigurator] URLComparator set to org.jboss.deployment.DeploymentSorter in jboss.deployment:type=DeploymentScanner,flavor=URL
01:37:36,041 DEBUG [ServiceConfigurator] FilterInstance set to org.jboss.deployment.scanner.DeploymentFilter@a407b41 in jboss.deployment:type=DeploymentScanner,flavor=URL
01:37:36,042 DEBUG [ServiceConfigurator] ScanPeriod set to 5000 in jboss.deployment:type=DeploymentScanner,flavor=URL
01:37:36,042 DEBUG [ServiceConfigurator] ScanEnabled set to true in jboss.deployment:type=DeploymentScanner,flavor=URL
01:37:36,042 DEBUG [ServiceConfigurator] URLs set to deploy/ in jboss.deployment:type=DeploymentScanner,flavor=URL
01:37:36,042 DEBUG [URLDeploymentScanner] Adding URL from spec: deploy/
01:37:36,042 DEBUG [URLDeploymentScanner] URL: file:/Users/pereirajr/Documents/Faculdade/Fernando/jboss/server/default/deploy/
01:37:36,042 DEBUG [URLDeploymentScanner] Added url: file:/Users/pereirajr/Documents/Faculdade/Fernando/jboss/server/default/deploy/
01:37:36,042 DEBUG [URLDeploymentScanner] URL list: [file:/Users/pereirajr/Documents/Faculdade/Fernando/jboss/server/default/deploy/]
01:37:36,042 DEBUG [ServiceConfigurator] RecursiveSearch set to true in jboss.deployment:type=DeploymentScanner,flavor=URL
01:37:36,042 DEBUG [ServiceController] Creating service jboss.management.local:j2eeType=J2EEDomain,name=Manager
01:37:36,042 DEBUG [LocalJBossServerDomain] Creating jboss.management.local:j2eeType=J2EEDomain,name=Manager
01:37:36,042 DEBUG [LocalJBossServerDomain] setupJ2EEMBeans(), create J2EEServer instance
01:37:36,045 DEBUG [J2EEDomain] ctor, name: jboss.management.local:name=jboss.management.local,j2eeType=J2EEDomain
01:37:36,046 DEBUG [J2EEDomain] postRegister(), parent: null
01:37:36,048 DEBUG [J2EEServer] postRegister(), parent: jboss.management.local:j2eeType=J2EEDomain,name=jboss.management.local
01:37:36,055 DEBUG [JVM] postRegister(), parent: jboss.management.local:j2eeType=J2EEServer,name=Local
01:37:36,060 DEBUG [LocalJBossServerDomain] Registered as listener of: jboss.system:service=ServiceController
01:37:36,067 DEBUG [LocalJBossServerDomain] Registering with all deployers, mainDeployer=jboss.system:service=MainDeployer
01:37:36,067 DEBUG [LocalJBossServerDomain] Getting current deployers
01:37:36,067 DEBUG [LocalJBossServerDomain] Registering as listener of deployer: jboss.system:service=ServiceDeployer
01:37:36,067 DEBUG [LocalJBossServerDomain] Registering as listener of deployer: jboss.system:service=JARDeployer
01:37:36,067 DEBUG [LocalJBossServerDomain] Created jboss.management.local:j2eeType=J2EEDomain,name=Manager
01:37:36,067 DEBUG [LocalJBossServerDomain] handleNotification: javax.management.Notification[source=jboss.system:service=ServiceController][type=org.jboss.system.ServiceMBean.create][message=]
01:37:36,067 DEBUG [DefaultManagedObjectFactoryMap] Failed to find factory for event: javax.management.Notification[source=jboss.system:service=ServiceController][type=org.jboss.system.ServiceMBean.create][message=]
01:37:36,067 DEBUG [ServiceController] Creating dependent components for: jboss.management.local:j2eeType=J2EEDomain,name=Manager dependents are: []
01:37:36,068 DEBUG [ServiceController] Creating service jboss:service=AttributePersistenceService
01:37:36,068 DEBUG [AttributePersistenceService] Creating jboss:service=AttributePersistenceService
01:37:36,068 DEBUG [AttributePersistenceService] Created jboss:service=AttributePersistenceService
01:37:36,068 DEBUG [LocalJBossServerDomain] handleNotification: javax.management.Notification[source=jboss.system:service=ServiceController][type=org.jboss.system.ServiceMBean.create][message=]
01:37:36,068 DEBUG [DefaultManagedObjectFactoryMap] Failed to find factory for event: javax.management.Notification[source=jboss.system:service=ServiceController][type=org.jboss.system.ServiceMBean.create][message=]
01:37:36,068 DEBUG [ServiceController] Creating dependent components for: jboss:service=AttributePersistenceService dependents are: []
01:37:36,068 DEBUG [ServiceController] Creating service jboss.system:service=ThreadPool
01:37:36,068 DEBUG [LocalJBossServerDomain] handleNotification: javax.management.Notification[source=jboss.system:service=ServiceController][type=org.jboss.system.ServiceMBean.create][message=]
01:37:36,068 DEBUG [DefaultManagedObjectFactoryMap] Failed to find factory for event: javax.management.Notification[source=jboss.system:service=ServiceController][type=org.jboss.system.ServiceMBean.create][message=]
01:37:36,068 DEBUG [ServiceController] Creating dependent components for: jboss.system:service=ThreadPool dependents are: [ObjectName: jboss:service=WebService
  State: CONFIGURED
  I Depend On:
    jboss.system:service=ThreadPool
, ObjectName: jboss:service=Naming
  State: CONFIGURED
  I Depend On:
    jboss.system:service=ThreadPool
]
01:37:36,068 DEBUG [ServiceController] Creating service jboss:service=WebService
01:37:36,068 DEBUG [WebService] Creating jboss:service=WebService
01:37:36,070 INFO  [WebService] Using RMI server codebase: http://Jr-MecBook-1861.local:8083/
01:37:36,070 DEBUG [WebService] Created jboss:service=WebService
01:37:36,070 DEBUG [LocalJBossServerDomain] handleNotification: javax.management.Notification[source=jboss.system:service=ServiceController][type=org.jboss.system.ServiceMBean.create][message=]
01:37:36,070 DEBUG [DefaultManagedObjectFactoryMap] Failed to find factory for event: javax.management.Notification[source=jboss.system:service=ServiceController][type=org.jboss.system.ServiceMBean.create][message=]
01:37:36,070 DEBUG [ServiceController] Creating dependent components for: jboss:service=WebService dependents are: []
01:37:36,070 DEBUG [ServiceController] Creating service jboss:service=Naming
01:37:36,070 DEBUG [NamingService] Creating jboss:service=Naming
01:37:36,070 DEBUG [NamingService] Created jboss:service=Naming
01:37:36,070 DEBUG [LocalJBossServerDomain] handleNotification: javax.management.Notification[source=jboss.system:service=ServiceController][type=org.jboss.system.ServiceMBean.create][message=]
01:37:36,077 DEBUG [JNDIResource] Service name: jboss:service=Naming
01:37:36,079 DEBUG [JNDIResource] postRegister(), parent: jboss.management.local:j2eeType=J2EEServer,name=Local
01:37:36,083 DEBUG [JNDIResource] Created JSR-77 JNDIResource: LocalJNDI
01:37:36,084 DEBUG [ServiceController] Creating dependent components for: jboss:service=Naming dependents are: []
01:37:36,084 DEBUG [ServiceController] Creating service jboss.system:type=Log4jService,service=Logging
01:37:36,084 DEBUG [Log4jService] Creating jboss.system:type=Log4jService,service=Logging
01:37:36,084 INFO  [Log4jService$URLWatchTimerTask] Configuring from URL: resource:log4j.xml
