#
# An unexpected error has been detected by Java Runtime Environment:
#
#  EXCEPTION_ACCESS_VIOLATION (0xc0000005) at pc=0x6d96fa31, pid=2264, tid=3056
#
# Java VM: Java HotSpot(TM) Client VM (11.0-b15 mixed mode windows-x86)
# Problematic frame:
# V  [jvm.dll+0xbfa31]
#
# If you would like to submit a bug report, please visit:
#   http://java.sun.com/webapps/bugreport/crash.jsp
#

---------------  T H R E A D  ---------------

Current thread (0x415fe800):  VMThread [stack: 0x41680000,0x416d0000] [id=3056]

siginfo: ExceptionCode=0xc0000005, reading address 0x00000004

Registers:
EAX=0x0aa707c4, EBX=0x003acc48, ECX=0x00000004, EDX=0x00000001
ESP=0x416cfbac, EBP=0x0b7af0e8, ESI=0x0aa707b0, EDI=0x00000006
EIP=0x6d96fa31, EFLAGS=0x00010202

Top of Stack: (sp=0x416cfbac)
0x416cfbac:   0ac04c70 0aa707b0 6da2e59f 0aa707b0
0x416cfbbc:   416cfc14 003aacec 06710000 00000002
0x416cfbcc:   6d95f5b9 6d95f681 003acc48 6d95f9e5
0x416cfbdc:   416cfbe4 00000001 6da948d8 6d95b64c
0x416cfbec:   6d959839 003acb38 003ad348 003aac98
0x416cfbfc:   0b8a0000 6d95b9f9 416cfc14 00000001
0x416cfc0c:   00000001 003aac98 6da943b4 37010100
0x416cfc1c:   00010100 00000000 00000000 00000000 

Instructions: (pc=0x6d96fa31)
0x6d96fa21:   08 83 c4 04 85 c9 74 1d 8a 15 dd 15 ac 6d 84 d2
0x6d96fa31:   8b 09 74 0a 8b d1 83 e2 07 80 fa 05 74 07 83 e1 


Stack: [0x41680000,0x416d0000],  sp=0x416cfbac,  free space=318k
Native frames: (J=compiled Java code, j=interpreted, Vv=VM code, C=native code)
V  [jvm.dll+0xbfa31]

VM_Operation (0x41cfb750): GenCollectForAllocation, mode: safepoint, requested by thread 0x4167cc00


---------------  P R O C E S S  ---------------

Java Threads: ( => current thread )
  0x42f5a800 JavaThread "Store org.hibernate.cache.StandardQueryCache Expiry Thread" daemon [_thread_blocked, id=3420, stack(0x455d0000,0x45620000)]
  0x42f61000 JavaThread "Store org.hibernate.cache.StandardQueryCache Spool Thread" daemon [_thread_blocked, id=3536, stack(0x45580000,0x455d0000)]
  0x42f5f400 JavaThread "Store org.hibernate.cache.UpdateTimestampsCache Expiry Thread" daemon [_thread_blocked, id=2588, stack(0x45530000,0x45580000)]
  0x42f5e400 JavaThread "Store org.hibernate.cache.UpdateTimestampsCache Spool Thread" daemon [_thread_blocked, id=3236, stack(0x453e0000,0x45430000)]
  0x42f33c00 JavaThread "Store br.com.linkcom.sined.geral.bean.Uf Expiry Thread" daemon [_thread_blocked, id=2408, stack(0x45390000,0x453e0000)]
  0x42f33400 JavaThread "Store br.com.linkcom.sined.geral.bean.Uf Spool Thread" daemon [_thread_blocked, id=2580, stack(0x45340000,0x45390000)]
  0x42f32800 JavaThread "Store br.com.linkcom.sined.geral.bean.Colaboradortipo Expiry Thread" daemon [_thread_blocked, id=3952, stack(0x452f0000,0x45340000)]
  0x42f4b400 JavaThread "Store br.com.linkcom.sined.geral.bean.Colaboradortipo Spool Thread" daemon [_thread_blocked, id=2368, stack(0x452a0000,0x452f0000)]
  0x42f20000 JavaThread "Store br.com.linkcom.sined.geral.bean.AgendamentoAcao Expiry Thread" daemon [_thread_blocked, id=3544, stack(0x45250000,0x452a0000)]
  0x42f1ec00 JavaThread "Store br.com.linkcom.sined.geral.bean.AgendamentoAcao Spool Thread" daemon [_thread_blocked, id=2192, stack(0x45200000,0x45250000)]
  0x42f19000 JavaThread "Store br.com.linkcom.sined.geral.bean.Regimecontratacao Expiry Thread" daemon [_thread_blocked, id=2384, stack(0x451b0000,0x45200000)]
  0x42f1a400 JavaThread "Store br.com.linkcom.sined.geral.bean.Regimecontratacao Spool Thread" daemon [_thread_blocked, id=2844, stack(0x45160000,0x451b0000)]
  0x42f17000 JavaThread "Store br.com.linkcom.sined.geral.bean.Tipooperacao Expiry Thread" daemon [_thread_blocked, id=708, stack(0x45110000,0x45160000)]
  0x42f16400 JavaThread "Store br.com.linkcom.sined.geral.bean.Tipooperacao Spool Thread" daemon [_thread_blocked, id=2808, stack(0x450c0000,0x45110000)]
  0x42f02400 JavaThread "Store br.com.linkcom.sined.geral.bean.Cbo Expiry Thread" daemon [_thread_blocked, id=3376, stack(0x45070000,0x450c0000)]
  0x42f53400 JavaThread "Store br.com.linkcom.sined.geral.bean.Cbo Spool Thread" daemon [_thread_blocked, id=2332, stack(0x45020000,0x45070000)]
  0x42efd800 JavaThread "Store br.com.linkcom.sined.geral.bean.Colaboradorformapagamento Expiry Thread" daemon [_thread_blocked, id=3348, stack(0x44fd0000,0x45020000)]
  0x42f41400 JavaThread "Store br.com.linkcom.sined.geral.bean.Colaboradorformapagamento Spool Thread" daemon [_thread_blocked, id=284, stack(0x44f80000,0x44fd0000)]
  0x42efac00 JavaThread "Store br.com.linkcom.sined.geral.bean.Tipoaviso Expiry Thread" daemon [_thread_blocked, id=2624, stack(0x44f30000,0x44f80000)]
  0x42f24400 JavaThread "Store br.com.linkcom.sined.geral.bean.Tipoaviso Spool Thread" daemon [_thread_blocked, id=2420, stack(0x44ee0000,0x44f30000)]
  0x42ee9800 JavaThread "Store br.com.linkcom.sined.geral.bean.Sexo Expiry Thread" daemon [_thread_blocked, id=2912, stack(0x44e90000,0x44ee0000)]
  0x42ee8400 JavaThread "Store br.com.linkcom.sined.geral.bean.Sexo Spool Thread" daemon [_thread_blocked, id=3700, stack(0x44e40000,0x44e90000)]
  0x42ec9800 JavaThread "Store br.com.linkcom.sined.geral.bean.Tipoinscricao Expiry Thread" daemon [_thread_blocked, id=2872, stack(0x44df0000,0x44e40000)]
  0x42f38400 JavaThread "Store br.com.linkcom.sined.geral.bean.Tipoinscricao Spool Thread" daemon [_thread_blocked, id=2712, stack(0x44da0000,0x44df0000)]
  0x42ec6800 JavaThread "Store br.com.linkcom.sined.geral.bean.Entidadedepartamentostatus Expiry Thread" daemon [_thread_blocked, id=1264, stack(0x44d50000,0x44da0000)]
  0x42f1b400 JavaThread "Store br.com.linkcom.sined.geral.bean.Entidadedepartamentostatus Spool Thread" daemon [_thread_blocked, id=2868, stack(0x44d00000,0x44d50000)]
  0x41fc3800 JavaThread "Store br.com.linkcom.sined.geral.bean.Telefonetipo Expiry Thread" daemon [_thread_blocked, id=3688, stack(0x44cb0000,0x44d00000)]
  0x41fc2400 JavaThread "Store br.com.linkcom.sined.geral.bean.Telefonetipo Spool Thread" daemon [_thread_blocked, id=3584, stack(0x44c60000,0x44cb0000)]
  0x41fc0000 JavaThread "Store br.com.linkcom.sined.geral.bean.Arquivobancariotipo Expiry Thread" daemon [_thread_blocked, id=352, stack(0x44c10000,0x44c60000)]
  0x41fbf400 JavaThread "Store br.com.linkcom.sined.geral.bean.Arquivobancariotipo Spool Thread" daemon [_thread_blocked, id=644, stack(0x44bc0000,0x44c10000)]
  0x42ee1400 JavaThread "Store br.com.linkcom.sined.geral.bean.Emailtipo Expiry Thread" daemon [_thread_blocked, id=3080, stack(0x44b70000,0x44bc0000)]
  0x42ee1000 JavaThread "Store br.com.linkcom.sined.geral.bean.Emailtipo Spool Thread" daemon [_thread_blocked, id=2244, stack(0x44b20000,0x44b70000)]
  0x41c61400 JavaThread "Store br.com.linkcom.sined.geral.bean.Requisicaostatus Expiry Thread" daemon [_thread_blocked, id=1776, stack(0x44ad0000,0x44b20000)]
  0x42eadc00 JavaThread "Store br.com.linkcom.sined.geral.bean.Requisicaostatus Spool Thread" daemon [_thread_blocked, id=3064, stack(0x44a80000,0x44ad0000)]
  0x42e9b400 JavaThread "Store br.com.linkcom.sined.geral.bean.Interacaotipo Expiry Thread" daemon [_thread_blocked, id=2924, stack(0x44a30000,0x44a80000)]
  0x42e9ac00 JavaThread "Store br.com.linkcom.sined.geral.bean.Interacaotipo Spool Thread" daemon [_thread_blocked, id=3996, stack(0x449e0000,0x44a30000)]
  0x41fa7400 JavaThread "Store br.com.linkcom.sined.geral.bean.Arquivobancariosituacao Expiry Thread" daemon [_thread_blocked, id=1704, stack(0x44990000,0x449e0000)]
  0x41fa6000 JavaThread "Store br.com.linkcom.sined.geral.bean.Arquivobancariosituacao Spool Thread" daemon [_thread_blocked, id=3336, stack(0x44940000,0x44990000)]
  0x41d1a000 JavaThread "Store br.com.linkcom.sined.geral.bean.Formapagamento Expiry Thread" daemon [_thread_blocked, id=2456, stack(0x448f0000,0x44940000)]
  0x41d19800 JavaThread "Store br.com.linkcom.sined.geral.bean.Formapagamento Spool Thread" daemon [_thread_blocked, id=2404, stack(0x448a0000,0x448f0000)]
  0x42e98400 JavaThread "Store br.com.linkcom.sined.geral.bean.Emprestimostatus Expiry Thread" daemon [_thread_blocked, id=3612, stack(0x44850000,0x448a0000)]
  0x42e99400 JavaThread "Store br.com.linkcom.sined.geral.bean.Emprestimostatus Spool Thread" daemon [_thread_blocked, id=336, stack(0x44800000,0x44850000)]
  0x42e8f800 JavaThread "Store br.com.linkcom.sined.geral.bean.Dirf Expiry Thread" daemon [_thread_blocked, id=2916, stack(0x447b0000,0x44800000)]
  0x42e8ec00 JavaThread "Store br.com.linkcom.sined.geral.bean.Dirf Spool Thread" daemon [_thread_blocked, id=3232, stack(0x44760000,0x447b0000)]
  0x42e92400 JavaThread "Store br.com.linkcom.sined.geral.bean.Etnia Expiry Thread" daemon [_thread_blocked, id=1816, stack(0x44710000,0x44760000)]
  0x42e92000 JavaThread "Store br.com.linkcom.sined.geral.bean.Etnia Spool Thread" daemon [_thread_blocked, id=3396, stack(0x446c0000,0x44710000)]
  0x42e3a800 JavaThread "Store br.com.linkcom.sined.geral.bean.Frequencia Expiry Thread" daemon [_thread_blocked, id=1504, stack(0x44670000,0x446c0000)]
  0x42e39400 JavaThread "Store br.com.linkcom.sined.geral.bean.Frequencia Spool Thread" daemon [_thread_blocked, id=2968, stack(0x44620000,0x44670000)]
  0x42dfe400 JavaThread "Store br.com.linkcom.sined.geral.bean.Propostasituacao Expiry Thread" daemon [_thread_blocked, id=3936, stack(0x445d0000,0x44620000)]
  0x42dfd000 JavaThread "Store br.com.linkcom.sined.geral.bean.Propostasituacao Spool Thread" daemon [_thread_blocked, id=2168, stack(0x44580000,0x445d0000)]
  0x42dfa800 JavaThread "Store br.com.linkcom.sined.geral.bean.Tipotaxa Expiry Thread" daemon [_thread_blocked, id=184, stack(0x44530000,0x44580000)]
  0x42dfa000 JavaThread "Store br.com.linkcom.sined.geral.bean.Tipotaxa Spool Thread" daemon [_thread_blocked, id=804, stack(0x444e0000,0x44530000)]
  0x42dee800 JavaThread "Store br.com.linkcom.sined.geral.bean.Materialclasse Expiry Thread" daemon [_thread_blocked, id=3004, stack(0x44490000,0x444e0000)]
  0x42ded800 JavaThread "Store br.com.linkcom.sined.geral.bean.Materialclasse Spool Thread" daemon [_thread_blocked, id=2992, stack(0x44440000,0x44490000)]
  0x427ab400 JavaThread "Store br.com.linkcom.sined.geral.bean.Planopagamento Expiry Thread" daemon [_thread_blocked, id=2920, stack(0x443f0000,0x44440000)]
  0x427aa800 JavaThread "Store br.com.linkcom.sined.geral.bean.Planopagamento Spool Thread" daemon [_thread_blocked, id=244, stack(0x443a0000,0x443f0000)]
  0x4252f400 JavaThread "Store br.com.linkcom.sined.geral.bean.Tipodocumentomilitar Expiry Thread" daemon [_thread_blocked, id=2080, stack(0x44350000,0x443a0000)]
  0x4252e400 JavaThread "Store br.com.linkcom.sined.geral.bean.Tipodocumentomilitar Spool Thread" daemon [_thread_blocked, id=564, stack(0x44300000,0x44350000)]
  0x42e8cc00 JavaThread "Store br.com.linkcom.sined.geral.bean.Formacobranca Expiry Thread" daemon [_thread_blocked, id=2548, stack(0x442b0000,0x44300000)]
  0x42f2f800 JavaThread "Store br.com.linkcom.sined.geral.bean.Formacobranca Spool Thread" daemon [_thread_blocked, id=956, stack(0x44260000,0x442b0000)]
  0x42e88400 JavaThread "Store br.com.linkcom.sined.geral.bean.Grauinstrucao Expiry Thread" daemon [_thread_blocked, id=4088, stack(0x44210000,0x44260000)]
  0x426bbc00 JavaThread "Store br.com.linkcom.sined.geral.bean.Grauinstrucao Spool Thread" daemon [_thread_blocked, id=2708, stack(0x441c0000,0x44210000)]
  0x4252d400 JavaThread "Store br.com.linkcom.sined.geral.bean.Colaboradordeficiencia Expiry Thread" daemon [_thread_blocked, id=2928, stack(0x44170000,0x441c0000)]
  0x4252c800 JavaThread "Store br.com.linkcom.sined.geral.bean.Colaboradordeficiencia Spool Thread" daemon [_thread_blocked, id=540, stack(0x44120000,0x44170000)]
  0x4252b000 JavaThread "Store br.com.linkcom.sined.geral.bean.Tipocarteiratrabalho Expiry Thread" daemon [_thread_blocked, id=1344, stack(0x440d0000,0x44120000)]
  0x4252a400 JavaThread "Store br.com.linkcom.sined.geral.bean.Tipocarteiratrabalho Spool Thread" daemon [_thread_blocked, id=3984, stack(0x44080000,0x440d0000)]
  0x4251bc00 JavaThread "Store br.com.linkcom.sined.geral.bean.Tipoconta Expiry Thread" daemon [_thread_blocked, id=1592, stack(0x44030000,0x44080000)]
  0x4251b000 JavaThread "Store br.com.linkcom.sined.geral.bean.Tipoconta Spool Thread" daemon [_thread_blocked, id=1104, stack(0x43fe0000,0x44030000)]
  0x4277e800 JavaThread "Store br.com.linkcom.sined.geral.bean.Estadocivil Expiry Thread" daemon [_thread_blocked, id=1036, stack(0x43f90000,0x43fe0000)]
  0x4277d800 JavaThread "Store br.com.linkcom.sined.geral.bean.Estadocivil Spool Thread" daemon [_thread_blocked, id=3884, stack(0x43f40000,0x43f90000)]
  0x427c5000 JavaThread "Store br.com.linkcom.sined.geral.bean.Emprestimoitemstatus Expiry Thread" daemon [_thread_blocked, id=2008, stack(0x43ef0000,0x43f40000)]
  0x427c4800 JavaThread "Store br.com.linkcom.sined.geral.bean.Emprestimoitemstatus Spool Thread" daemon [_thread_blocked, id=1024, stack(0x43ea0000,0x43ef0000)]
  0x42782800 JavaThread "Store br.com.linkcom.sined.geral.bean.Periodicidade Expiry Thread" daemon [_thread_blocked, id=368, stack(0x43e50000,0x43ea0000)]
  0x4279e000 JavaThread "Store br.com.linkcom.sined.geral.bean.Periodicidade Spool Thread" daemon [_thread_blocked, id=2984, stack(0x43e00000,0x43e50000)]
  0x42842000 JavaThread "IdleRemover" daemon [_thread_blocked, id=3432, stack(0x43db0000,0x43e00000)]
  0x41c7a800 JavaThread "JCA PoolFiller" [_thread_blocked, id=4052, stack(0x42d30000,0x42d80000)]
  0x41c72c00 JavaThread "Timer-1" daemon [_thread_blocked, id=2516, stack(0x42ce0000,0x42d30000)]
  0x423ec400 JavaThread "HSQLDB Timer @d42d49" daemon [_thread_blocked, id=1756, stack(0x42c90000,0x42ce0000)]
  0x41b01000 JavaThread "ContainerBackgroundProcessor[StandardEngine[jboss.web]]" daemon [_thread_blocked, id=3036, stack(0x42c40000,0x42c90000)]
  0x421e6000 JavaThread "PooledInvokerAcceptor#0-4445" [_thread_in_native, id=2128, stack(0x42bf0000,0x42c40000)]
  0x421d6800 JavaThread "RMI TCP Accept-4444" daemon [_thread_in_native, id=364, stack(0x42ba0000,0x42bf0000)]
  0x421de800 JavaThread "TimeoutFactory-0" daemon [_thread_blocked, id=2932, stack(0x42b50000,0x42ba0000)]
  0x421c3c00 JavaThread "JBoss System Threads(1)-2" daemon [_thread_in_native, id=2592, stack(0x42b00000,0x42b50000)]
  0x421b8000 JavaThread "GC Daemon" daemon [_thread_blocked, id=292, stack(0x42ab0000,0x42b00000)]
  0x421b3400 JavaThread "RMI Reaper" [_thread_blocked, id=2276, stack(0x42a60000,0x42ab0000)]
  0x421b5400 JavaThread "RMI TCP Accept-1098" daemon [_thread_in_native, id=3288, stack(0x42a10000,0x42a60000)]
  0x421a8800 JavaThread "JBoss System Threads(1)-1" daemon [_thread_in_native, id=944, stack(0x429c0000,0x42a10000)]
  0x421a0c00 JavaThread "ScannerThread" daemon [_thread_blocked, id=864, stack(0x42970000,0x429c0000)]
  0x4215bc00 JavaThread "Timer-0" daemon [_thread_blocked, id=900, stack(0x42920000,0x42970000)]
  0x003a7400 JavaThread "DestroyJavaVM" [_thread_blocked, id=2380, stack(0x008c0000,0x00910000)]
  0x4167cc00 JavaThread "main" [_thread_blocked, id=4060, stack(0x41cb0000,0x41d00000)]
  0x41636000 JavaThread "Low Memory Detector" daemon [_thread_blocked, id=2488, stack(0x41a10000,0x41a60000)]
  0x41633400 JavaThread "CompilerThread0" daemon [_thread_blocked, id=2268, stack(0x419c0000,0x41a10000)]
  0x41625400 JavaThread "JDWP Command Reader" daemon [_thread_in_native, id=3512, stack(0x41970000,0x419c0000)]
  0x41623c00 JavaThread "JDWP Event Helper Thread" daemon [_thread_blocked, id=1480, stack(0x41920000,0x41970000)]
  0x41621400 JavaThread "JDWP Transport Listener: dt_socket" daemon [_thread_blocked, id=3268, stack(0x418d0000,0x41920000)]
  0x41616400 JavaThread "Attach Listener" daemon [_thread_blocked, id=2124, stack(0x417c0000,0x41810000)]
  0x41614c00 JavaThread "Signal Dispatcher" daemon [_thread_blocked, id=1424, stack(0x41770000,0x417c0000)]
  0x41605000 JavaThread "Finalizer" daemon [_thread_blocked, id=1432, stack(0x41720000,0x41770000)]
  0x41600800 JavaThread "Reference Handler" daemon [_thread_blocked, id=1772, stack(0x416d0000,0x41720000)]

Other Threads:
=>0x415fe800 VMThread [stack: 0x41680000,0x416d0000] [id=3056]
  0x41637800 WatcherThread [stack: 0x41a60000,0x41ab0000] [id=2880]

VM state:at safepoint (normal execution)

VM Mutex/Monitor currently owned by a thread:  ([mutex/lock_event])
[0x003a6250] UNKNOWN - owner thread: 0x415fe800
[0x003a66b0] UNKNOWN - owner thread: 0x4167cc00

Heap
 def new generation   total 6272K, used 448K [0x02990000, 0x03050000, 0x06710000)
  eden space 5632K,   0% used [0x02990000, 0x02990000, 0x02f10000)
  from space 640K,  70% used [0x02fb0000, 0x030200c0, 0x03050000)
  to   space 640K,   0% used [0x02f10000, 0x02f10000, 0x02fb0000)
 tenured generation   total 82684K, used 82556K [0x06710000, 0x0b7cf000, 0x34990000)
   the space 82684K,  99% used [0x06710000, 0x0b7af0e8, 0x0b6c1c00, 0x0b7cf000)
 compacting perm gen  total 48384K, used 48263K [0x34990000, 0x378d0000, 0x41190000)
   the space 48384K,  99% used [0x34990000, 0x378b1e48, 0x378b2000, 0x378d0000)
No shared spaces configured.

Dynamic libraries:
0x00400000 - 0x00424000 	C:\Arquivos de programas\Java\jdk1.6.0_10\bin\javaw.exe
0x7c900000 - 0x7c9b6000 	C:\WINDOWS\system32\ntdll.dll
0x7c800000 - 0x7c900000 	C:\WINDOWS\system32\kernel32.dll
0x77f50000 - 0x77ffb000 	C:\WINDOWS\system32\ADVAPI32.dll
0x77db0000 - 0x77e43000 	C:\WINDOWS\system32\RPCRT4.dll
0x77f20000 - 0x77f31000 	C:\WINDOWS\system32\Secur32.dll
0x7e360000 - 0x7e3f1000 	C:\WINDOWS\system32\USER32.dll
0x77e50000 - 0x77e99000 	C:\WINDOWS\system32\GDI32.dll
0x76360000 - 0x7637d000 	C:\WINDOWS\system32\IMM32.DLL
0x7c340000 - 0x7c396000 	C:\Arquivos de programas\Java\jdk1.6.0_10\jre\bin\msvcr71.dll
0x6d8b0000 - 0x6db06000 	C:\Arquivos de programas\Java\jdk1.6.0_10\jre\bin\client\jvm.dll
0x76b20000 - 0x76b4e000 	C:\WINDOWS\system32\WINMM.dll
0x6d330000 - 0x6d338000 	C:\Arquivos de programas\Java\jdk1.6.0_10\jre\bin\hpi.dll
0x76bd0000 - 0x76bdb000 	C:\WINDOWS\system32\PSAPI.DLL
0x6d420000 - 0x6d449000 	C:\Arquivos de programas\Java\jdk1.6.0_10\jre\bin\jdwp.dll
0x6d750000 - 0x6d756000 	C:\Arquivos de programas\Java\jdk1.6.0_10\jre\bin\npt.dll
0x6d860000 - 0x6d86c000 	C:\Arquivos de programas\Java\jdk1.6.0_10\jre\bin\verify.dll
0x6d3d0000 - 0x6d3ef000 	C:\Arquivos de programas\Java\jdk1.6.0_10\jre\bin\java.dll
0x6d8a0000 - 0x6d8af000 	C:\Arquivos de programas\Java\jdk1.6.0_10\jre\bin\zip.dll
0x6d2a0000 - 0x6d2a7000 	C:\Arquivos de programas\Java\jdk1.6.0_10\jre\bin\dt_socket.dll
0x71a70000 - 0x71a87000 	C:\WINDOWS\system32\WS2_32.dll
0x77bf0000 - 0x77c48000 	C:\WINDOWS\system32\msvcrt.dll
0x71a60000 - 0x71a68000 	C:\WINDOWS\system32\WS2HELP.dll
0x71a10000 - 0x71a50000 	C:\WINDOWS\System32\mswsock.dll
0x76f00000 - 0x76f27000 	C:\WINDOWS\system32\DNSAPI.dll
0x76f90000 - 0x76f98000 	C:\WINDOWS\System32\winrnr.dll
0x76f40000 - 0x76f6d000 	C:\WINDOWS\system32\WLDAP32.dll
0x64000000 - 0x64025000 	C:\Arquivos de programas\Bonjour\mdnsNSP.dll
0x76d40000 - 0x76d59000 	C:\WINDOWS\system32\Iphlpapi.dll
0x76fa0000 - 0x76fa6000 	C:\WINDOWS\system32\rasadhlp.dll
0x60b30000 - 0x60b88000 	C:\WINDOWS\system32\hnetcfg.dll
0x71a50000 - 0x71a58000 	C:\WINDOWS\System32\wshtcpip.dll
0x6d6c0000 - 0x6d6d3000 	C:\Arquivos de programas\Java\jdk1.6.0_10\jre\bin\net.dll
0x6d610000 - 0x6d619000 	C:\Arquivos de programas\Java\jdk1.6.0_10\jre\bin\management.dll
0x68000000 - 0x68036000 	C:\WINDOWS\system32\rsaenh.dll
0x769a0000 - 0x76a55000 	C:\WINDOWS\system32\USERENV.dll
0x5bcb0000 - 0x5bd05000 	C:\WINDOWS\system32\netapi32.dll
0x6d6e0000 - 0x6d6e9000 	C:\Arquivos de programas\Java\jdk1.6.0_10\jre\bin\nio.dll
0x6d0b0000 - 0x6d1e8000 	C:\Arquivos de programas\Java\jdk1.6.0_10\jre\bin\awt.dll
0x72fb0000 - 0x72fd6000 	C:\WINDOWS\system32\WINSPOOL.DRV
0x774c0000 - 0x775fe000 	C:\WINDOWS\system32\ole32.dll
0x773b0000 - 0x774b3000 	C:\WINDOWS\WinSxS\x86_Microsoft.Windows.Common-Controls_6595b64144ccf1df_6.0.2600.6028_x-ww_61e65202\comctl32.dll
0x77ea0000 - 0x77f16000 	C:\WINDOWS\system32\SHLWAPI.dll

VM Arguments:
jvm_args: -Djboss.home=C:\java\jboss -Djava.library.path=C:\Arquivos de programas\Java\jdk1.6.0_10\bin -Djava.endorsed.dirs=C:\java\jboss\lib\endorsed -Xmx800m -XX:MaxPermSize=200M -agentlib:jdwp=transport=dt_socket,suspend=y,address=localhost:2671 
java_command: org.jboss.Main -c default -b 0.0.0.0
Launcher Type: SUN_STANDARD

Environment Variables:
JAVA_HOME=C:\Arquiv~1\Java\jdk1.6.0_04
PATH=C:\Arquivos de programas\Java\jdk1.6.0_10\jre\bin;C:\oracle\product\10.2.0\client_2\bin;C:\oracle\product\10.2.0\client_1;C:\WINDOWS\system32;C:\WINDOWS;C:\WINDOWS\System32\Wbem;
USERNAME=Giovane
OS=Windows_NT
PROCESSOR_IDENTIFIER=x86 Family 6 Model 15 Stepping 13, GenuineIntel



---------------  S Y S T E M  ---------------

OS: Windows XP Build 2600 Service Pack 3

CPU:total 2 (2 cores per cpu, 1 threads per core) family 6 model 15 stepping 13, cmov, cx8, fxsr, mmx, sse, sse2, sse3, ssse3

Memory: 4k page, physical 2088428k(693632k free), swap 4026404k(2685940k free)

vm_info: Java HotSpot(TM) Client VM (11.0-b15) for windows-x86 JRE (1.6.0_10-b33), built on Sep 26 2008 01:00:43 by "java_re" with MS VC++ 7.1

time: Wed Aug 03 13:09:16 2011
elapsed time: 103 seconds

